#
# A fatal error has been detected by the Java Runtime Environment:
#
#  EXCEPTION_ACCESS_VIOLATION (0xc0000005) at pc=0x00000000578b9b3e, pid=3428, tid=660
#
# JRE version: Java(TM) SE Runtime Environment (8.0_65-b17) (build 1.8.0_65-b17)
# Java VM: Java HotSpot(TM) 64-Bit Server VM (25.65-b01 mixed mode windows-amd64 compressed oops)
# Problematic frame:
# C  [atio6axx.dll+0xb79b3e]
#
# Failed to write core dump. Minidumps are not enabled by default on client versions of Windows
#
# If you would like to submit a bug report, please visit:
#   http://bugreport.java.com/bugreport/crash.jsp
# The crash happened outside the Java Virtual Machine in native code.
# See problematic frame for where to report the bug.
#

---------------  T H R E A D  ---------------

Current thread (0x000000001e02e800):  JavaThread "AWT-EventQueue-0" [_thread_in_native, id=660, stack(0x0000000025760000,0x0000000025860000)]

siginfo: ExceptionCode=0xc0000005, reading address 0x00000000290c4000

Registers:
RAX=0x0000000000000000, RBX=0x000000002585d990, RCX=0x00000000ff000000, RDX=0x000000003bea5ee0
RSP=0x000000002585d810, RBP=0x000000002585d8e9, RSI=0x00000000290c4004, RDI=0x00000000000000b8
R8 =0x000000000000002f, R9 =0x0000000000000153, R10=0x0000000000000000, R11=0x0000000000000001
R12=0x00000000000002fa, R13=0x0000000000000001, R14=0x00000000000004dc, R15=0x0000000000000000
RIP=0x00000000578b9b3e, EFLAGS=0x0000000000010286

Top of Stack: (sp=0x000000002585d810)
0x000000002585d810:   000000002585d990 000000002585d8e9
0x000000002585d820:   0000000028f41d0c 0000000024910000
0x000000002585d830:   000000000000000b 0000000000000000
0x000000002585d840:   00000000000004dc 00000000000002fa
0x000000002585d850:   00000000ffffffff 0000000700000000
0x000000002585d860:   000000000001fd00 0000000028f41d0c
0x000000002585d870:   0000000000000005 0000000000000009
0x000000002585d880:   000000070000000b 0000000000000924
0x000000002585d890:   000000005886dd94 0000000000000001
0x000000002585d8a0:   000000000001fd20 0000000200000001
0x000000002585d8b0:   0000000000000090 0000000058e4d621
0x000000002585d8c0:   000000003f4ccccd 0000000000000000
0x000000002585d8d0:   000000009508811c 0000000023e706e0
0x000000002585d8e0:   00000000000000f3 0000000000000294
0x000000002585d8f0:   0000000024970088 0000000023f2df80
0x000000002585d900:   0000000000000094 0000000000000001 

Instructions: (pc=0x00000000578b9b3e)
0x00000000578b9b1e:   ff 83 c7 fc 89 42 f0 0f b6 46 f7 8b 4e f8 81 c9
0x00000000578b9b2e:   00 00 ff ff c1 e1 08 0b c8 89 4a f4 0f b7 46 fa
0x00000000578b9b3e:   8b 4e fc 81 c9 00 ff ff ff c1 e1 10 0b c8 89 4a
0x00000000578b9b4e:   f8 8b 46 fc c1 e8 08 0d 00 00 00 ff 89 42 fc 49 


Register to memory mapping:

RAX=0x0000000000000000 is an unknown value
RBX=0x000000002585d990 is pointing into the stack for thread: 0x000000001e02e800
RCX=0x00000000ff000000 is an unknown value
RDX=0x000000003bea5ee0 is an unknown value
RSP=0x000000002585d810 is pointing into the stack for thread: 0x000000001e02e800
RBP=0x000000002585d8e9 is pointing into the stack for thread: 0x000000001e02e800
RSI=0x00000000290c4004 is an unknown value
RDI=0x00000000000000b8 is an unknown value
R8 =0x000000000000002f is an unknown value
R9 =0x0000000000000153 is an unknown value
R10=0x0000000000000000 is an unknown value
R11=0x0000000000000001 is an unknown value
R12=0x00000000000002fa is an unknown value
R13=0x0000000000000001 is an unknown value
R14=0x00000000000004dc is an unknown value
R15=0x0000000000000000 is an unknown value


Stack: [0x0000000025760000,0x0000000025860000],  sp=0x000000002585d810,  free space=1014k
Native frames: (J=compiled Java code, j=interpreted, Vv=VM code, C=native code)
C  [atio6axx.dll+0xb79b3e]
C  [atio6axx.dll+0xb0cfed]
C  [atio6axx.dll+0x21e19b]
C  [atio6axx.dll+0x2cff15]
C  [atio6axx.dll+0x779828]
C  0x0000000002605e34

Java frames: (J=compiled Java code, j=interpreted, Vv=VM code)
j  jogamp.opengl.gl4.GL4bcImpl.dispatch_glCallList1(IJ)V+0
j  jogamp.opengl.gl4.GL4bcImpl.glCallList(I)V+40
j  JOGL.JOGLObject.draw(Lcom/jogamp/opengl/GL2;)V+92
j  JOGL.JoglEventListener.display(Lcom/jogamp/opengl/GLAutoDrawable;)V+471
j  jogamp.opengl.GLDrawableHelper.displayImpl(Lcom/jogamp/opengl/GLAutoDrawable;)V+81
j  jogamp.opengl.GLDrawableHelper.display(Lcom/jogamp/opengl/GLAutoDrawable;)V+2
j  com.jogamp.opengl.awt.GLCanvas$11.run()V+118
j  jogamp.opengl.GLDrawableHelper.invokeGLImpl(Lcom/jogamp/opengl/GLDrawable;Lcom/jogamp/opengl/GLContext;Ljava/lang/Runnable;Ljava/lang/Runnable;)V+203
j  jogamp.opengl.GLDrawableHelper.invokeGL(Lcom/jogamp/opengl/GLDrawable;Lcom/jogamp/opengl/GLContext;Ljava/lang/Runnable;Ljava/lang/Runnable;)V+72
j  com.jogamp.opengl.awt.GLCanvas$12.run()V+104
j  java.awt.event.InvocationEvent.dispatch()V+11
j  java.awt.EventQueue.dispatchEventImpl(Ljava/awt/AWTEvent;Ljava/lang/Object;)V+21
j  java.awt.EventQueue.access$500(Ljava/awt/EventQueue;Ljava/awt/AWTEvent;Ljava/lang/Object;)V+3
j  java.awt.EventQueue$3.run()Ljava/lang/Void;+32
j  java.awt.EventQueue$3.run()Ljava/lang/Object;+1
v  ~StubRoutines::call_stub
j  java.security.AccessController.doPrivileged(Ljava/security/PrivilegedAction;Ljava/security/AccessControlContext;)Ljava/lang/Object;+0
j  java.security.ProtectionDomain$JavaSecurityAccessImpl.doIntersectionPrivilege(Ljava/security/PrivilegedAction;Ljava/security/AccessControlContext;Ljava/security/AccessControlContext;)Ljava/lang/Object;+18
j  java.awt.EventQueue.dispatchEvent(Ljava/awt/AWTEvent;)V+46
j  java.awt.EventDispatchThread.pumpOneEventForFilters(I)V+245
j  java.awt.EventDispatchThread.pumpEventsForFilter(ILjava/awt/Conditional;Ljava/awt/EventFilter;)V+35
j  java.awt.EventDispatchThread.pumpEventsForHierarchy(ILjava/awt/Conditional;Ljava/awt/Component;)V+11
j  java.awt.EventDispatchThread.pumpEvents(ILjava/awt/Conditional;)V+4
j  java.awt.EventDispatchThread.pumpEvents(Ljava/awt/Conditional;)V+3
j  java.awt.EventDispatchThread.run()V+9
v  ~StubRoutines::call_stub

---------------  P R O C E S S  ---------------

Java Threads: ( => current thread )
  0x00000000024f7000 JavaThread "DestroyJavaVM" [_thread_blocked, id=2776, stack(0x0000000002200000,0x0000000002300000)]
  0x000000001e08f800 JavaThread "main-AWTAnimator#00" [_thread_blocked, id=9684, stack(0x000000002e9f0000,0x000000002eaf0000)]
  0x000000001e1eb000 JavaThread "main-SharedResourceRunner" daemon [_thread_blocked, id=6344, stack(0x00000000268a0000,0x00000000269a0000)]
  0x000000001dfd4800 JavaThread "D3D Screen Updater" daemon [_thread_blocked, id=9720, stack(0x0000000025860000,0x0000000025960000)]
=>0x000000001e02e800 JavaThread "AWT-EventQueue-0" [_thread_in_native, id=660, stack(0x0000000025760000,0x0000000025860000)]
  0x000000001e024000 JavaThread "AWT-Windows" daemon [_thread_in_native, id=7296, stack(0x000000001e700000,0x000000001e800000)]
  0x000000001e023800 JavaThread "AWT-Shutdown" [_thread_blocked, id=10124, stack(0x000000001e600000,0x000000001e700000)]
  0x000000001e022800 JavaThread "Java2D Disposer" daemon [_thread_blocked, id=8488, stack(0x000000001e480000,0x000000001e580000)]
  0x000000001dd5c000 JavaThread "Monitor Ctrl-Break" daemon [_thread_in_native, id=7084, stack(0x000000001e290000,0x000000001e390000)]
  0x000000001d29c800 JavaThread "Service Thread" daemon [_thread_blocked, id=864, stack(0x000000001d890000,0x000000001d990000)]
  0x000000001d294800 JavaThread "C1 CompilerThread2" daemon [_thread_blocked, id=2108, stack(0x000000001d790000,0x000000001d890000)]
  0x000000001d292000 JavaThread "C2 CompilerThread1" daemon [_thread_blocked, id=8744, stack(0x000000001d690000,0x000000001d790000)]
  0x000000001bc3c800 JavaThread "C2 CompilerThread0" daemon [_thread_blocked, id=4732, stack(0x000000001d190000,0x000000001d290000)]
  0x000000001bc3b000 JavaThread "Attach Listener" daemon [_thread_blocked, id=3308, stack(0x000000001d090000,0x000000001d190000)]
  0x000000001bc3a800 JavaThread "Signal Dispatcher" daemon [_thread_blocked, id=9444, stack(0x000000001cf90000,0x000000001d090000)]
  0x00000000025ee000 JavaThread "Finalizer" daemon [_thread_blocked, id=3708, stack(0x000000001ce90000,0x000000001cf90000)]
  0x000000001bc09000 JavaThread "Reference Handler" daemon [_thread_blocked, id=7152, stack(0x000000001cd90000,0x000000001ce90000)]

Other Threads:
  0x000000001bc07800 VMThread [stack: 0x000000001cc90000,0x000000001cd90000] [id=7572]
  0x000000001d2ea000 WatcherThread [stack: 0x000000001d990000,0x000000001da90000] [id=7676]

VM state:not at safepoint (normal execution)

VM Mutex/Monitor currently owned by a thread: None

Heap:
 PSYoungGen      total 529920K, used 318670K [0x000000076af80000, 0x000000078bf80000, 0x00000007c0000000)
  eden space 520192K, 59% used [0x000000076af80000,0x000000077dffe8c0,0x000000078ab80000)
  from space 9728K, 70% used [0x000000078b600000,0x000000078bcb4f48,0x000000078bf80000)
  to   space 10240K, 0% used [0x000000078ab80000,0x000000078ab80000,0x000000078b580000)
 ParOldGen       total 175104K, used 7230K [0x00000006c0e00000, 0x00000006cb900000, 0x000000076af80000)
  object space 175104K, 4% used [0x00000006c0e00000,0x00000006c150fb80,0x00000006cb900000)
 Metaspace       used 16184K, capacity 16376K, committed 16640K, reserved 1064960K
  class space    used 1660K, capacity 1762K, committed 1792K, reserved 1048576K

Card table byte_map: [0x00000000119b0000,0x00000000121b0000] byte_map_base: 0x000000000e3a9000

Marking Bits: (ParMarkBitMap*) 0x00000000595ea5b0
 Begin Bits: [0x0000000012b10000, 0x0000000016ad8000)
 End Bits:   [0x0000000016ad8000, 0x000000001aaa0000)

Polling page: 0x00000000001f0000

CodeCache: size=245760Kb used=5942Kb max_used=5942Kb free=239817Kb
 bounds [0x00000000025f0000, 0x0000000002bd0000, 0x00000000115f0000]
 total_blobs=2027 nmethods=1178 adapters=762
 compilation: enabled

Compilation events (10 events):
Event: 6.532 Thread 0x000000001d294800 1172       3       java.util.concurrent.locks.AbstractQueuedSynchronizer::compareAndSetState (13 bytes)
Event: 6.532 Thread 0x000000001d294800 nmethod 1172 0x0000000002b92ed0 code [0x0000000002b93020, 0x0000000002b93190]
Event: 6.534 Thread 0x000000001d294800 1173       3       java.util.concurrent.locks.AbstractQueuedSynchronizer::release (33 bytes)
Event: 6.535 Thread 0x000000001d294800 nmethod 1173 0x0000000002b92950 code [0x0000000002b92ac0, 0x0000000002b92dd8]
Event: 6.535 Thread 0x000000001d294800 1174       3       java.util.concurrent.locks.ReentrantLock$Sync::tryRelease (45 bytes)
Event: 6.535 Thread 0x000000001d294800 nmethod 1174 0x0000000002b920d0 code [0x0000000002b92260, 0x0000000002b92808]
Event: 6.537 Thread 0x000000001d294800 1175       3       java.util.concurrent.locks.ReentrantLock::lock (8 bytes)
Event: 6.537 Thread 0x000000001d294800 nmethod 1175 0x0000000002b91c90 code [0x0000000002b91e00, 0x0000000002b92028]
Event: 6.537 Thread 0x000000001d294800 1176       3       java.util.concurrent.locks.ReentrantLock$NonfairSync::lock (25 bytes)
Event: 6.537 Thread 0x000000001d294800 nmethod 1176 0x0000000002b91010 code [0x0000000002b911e0, 0x0000000002b91a38]

GC Heap History (10 events):
Event: 5.133 GC heap before
{Heap before GC invocations=4 (full 0):
 PSYoungGen      total 76288K, used 71362K [0x000000076af80000, 0x0000000774480000, 0x00000007c0000000)
  eden space 65536K, 100% used [0x000000076af80000,0x000000076ef80000,0x000000076ef80000)
  from space 10752K, 54% used [0x000000076ef80000,0x000000076f530b20,0x000000076fa00000)
  to   space 10752K, 0% used [0x0000000773a00000,0x0000000773a00000,0x0000000774480000)
 ParOldGen       total 175104K, used 24K [0x00000006c0e00000, 0x00000006cb900000, 0x000000076af80000)
  object space 175104K, 0% used [0x00000006c0e00000,0x00000006c0e06000,0x00000006cb900000)
 Metaspace       used 15939K, capacity 16152K, committed 16384K, reserved 1064960K
  class space    used 1643K, capacity 1730K, committed 1792K, reserved 1048576K
Event: 5.138 GC heap after
Heap after GC invocations=4 (full 0):
 PSYoungGen      total 141824K, used 6656K [0x000000076af80000, 0x0000000774480000, 0x00000007c0000000)
  eden space 131072K, 0% used [0x000000076af80000,0x000000076af80000,0x0000000772f80000)
  from space 10752K, 61% used [0x0000000773a00000,0x0000000774080368,0x0000000774480000)
  to   space 10752K, 0% used [0x0000000772f80000,0x0000000772f80000,0x0000000773a00000)
 ParOldGen       total 175104K, used 24K [0x00000006c0e00000, 0x00000006cb900000, 0x000000076af80000)
  object space 175104K, 0% used [0x00000006c0e00000,0x00000006c0e06000,0x00000006cb900000)
 Metaspace       used 15939K, capacity 16152K, committed 16384K, reserved 1064960K
  class space    used 1643K, capacity 1730K, committed 1792K, reserved 1048576K
}
Event: 5.230 GC heap before
{Heap before GC invocations=5 (full 0):
 PSYoungGen      total 141824K, used 137728K [0x000000076af80000, 0x0000000774480000, 0x00000007c0000000)
  eden space 131072K, 100% used [0x000000076af80000,0x0000000772f80000,0x0000000772f80000)
  from space 10752K, 61% used [0x0000000773a00000,0x0000000774080368,0x0000000774480000)
  to   space 10752K, 0% used [0x0000000772f80000,0x0000000772f80000,0x0000000773a00000)
 ParOldGen       total 175104K, used 24K [0x00000006c0e00000, 0x00000006cb900000, 0x000000076af80000)
  object space 175104K, 0% used [0x00000006c0e00000,0x00000006c0e06000,0x00000006cb900000)
 Metaspace       used 15943K, capacity 16152K, committed 16384K, reserved 1064960K
  class space    used 1643K, capacity 1730K, committed 1792K, reserved 1048576K
Event: 5.237 GC heap after
Heap after GC invocations=5 (full 0):
 PSYoungGen      total 141824K, used 8525K [0x000000076af80000, 0x000000077c080000, 0x00000007c0000000)
  eden space 131072K, 0% used [0x000000076af80000,0x000000076af80000,0x0000000772f80000)
  from space 10752K, 79% used [0x0000000772f80000,0x00000007737d34d8,0x0000000773a00000)
  to   space 8704K, 0% used [0x000000077b800000,0x000000077b800000,0x000000077c080000)
 ParOldGen       total 175104K, used 32K [0x00000006c0e00000, 0x00000006cb900000, 0x000000076af80000)
  object space 175104K, 0% used [0x00000006c0e00000,0x00000006c0e08000,0x00000006cb900000)
 Metaspace       used 15943K, capacity 16152K, committed 16384K, reserved 1064960K
  class space    used 1643K, capacity 1730K, committed 1792K, reserved 1048576K
}
Event: 5.308 GC heap before
{Heap before GC invocations=6 (full 0):
 PSYoungGen      total 141824K, used 139597K [0x000000076af80000, 0x000000077c080000, 0x00000007c0000000)
  eden space 131072K, 100% used [0x000000076af80000,0x0000000772f80000,0x0000000772f80000)
  from space 10752K, 79% used [0x0000000772f80000,0x00000007737d34d8,0x0000000773a00000)
  to   space 8704K, 0% used [0x000000077b800000,0x000000077b800000,0x000000077c080000)
 ParOldGen       total 175104K, used 32K [0x00000006c0e00000, 0x00000006cb900000, 0x000000076af80000)
  object space 175104K, 0% used [0x00000006c0e00000,0x00000006c0e08000,0x00000006cb900000)
 Metaspace       used 15943K, capacity 16152K, committed 16384K, reserved 1064960K
  class space    used 1643K, capacity 1730K, committed 1792K, reserved 1048576K
Event: 5.316 GC heap after
Heap after GC invocations=6 (full 0):
 PSYoungGen      total 268800K, used 8693K [0x000000076af80000, 0x000000077c480000, 0x00000007c0000000)
  eden space 260096K, 0% used [0x000000076af80000,0x000000076af80000,0x000000077ad80000)
  from space 8704K, 99% used [0x000000077b800000,0x000000077c07d4c0,0x000000077c080000)
  to   space 10752K, 0% used [0x000000077ad80000,0x000000077ad80000,0x000000077b800000)
 ParOldGen       total 175104K, used 1768K [0x00000006c0e00000, 0x00000006cb900000, 0x000000076af80000)
  object space 175104K, 1% used [0x00000006c0e00000,0x00000006c0fba000,0x00000006cb900000)
 Metaspace       used 15943K, capacity 16152K, committed 16384K, reserved 1064960K
  class space    used 1643K, capacity 1730K, committed 1792K, reserved 1048576K
}
Event: 5.525 GC heap before
{Heap before GC invocations=7 (full 0):
 PSYoungGen      total 268800K, used 268789K [0x000000076af80000, 0x000000077c480000, 0x00000007c0000000)
  eden space 260096K, 100% used [0x000000076af80000,0x000000077ad80000,0x000000077ad80000)
  from space 8704K, 99% used [0x000000077b800000,0x000000077c07d4c0,0x000000077c080000)
  to   space 10752K, 0% used [0x000000077ad80000,0x000000077ad80000,0x000000077b800000)
 ParOldGen       total 175104K, used 1768K [0x00000006c0e00000, 0x00000006cb900000, 0x000000076af80000)
  object space 175104K, 1% used [0x00000006c0e00000,0x00000006c0fba000,0x00000006cb900000)
 Metaspace       used 15947K, capacity 16152K, committed 16384K, reserved 1064960K
  class space    used 1643K, capacity 1730K, committed 1792K, reserved 1048576K
Event: 5.534 GC heap after
Heap after GC invocations=7 (full 0):
 PSYoungGen      total 270848K, used 8051K [0x000000076af80000, 0x000000078c080000, 0x00000007c0000000)
  eden space 260096K, 0% used [0x000000076af80000,0x000000076af80000,0x000000077ad80000)
  from space 10752K, 74% used [0x000000077ad80000,0x000000077b55cf48,0x000000077b800000)
  to   space 10752K, 0% used [0x000000078b600000,0x000000078b600000,0x000000078c080000)
 ParOldGen       total 175104K, used 5806K [0x00000006c0e00000, 0x00000006cb900000, 0x000000076af80000)
  object space 175104K, 3% used [0x00000006c0e00000,0x00000006c13abb80,0x00000006cb900000)
 Metaspace       used 15947K, capacity 16152K, committed 16384K, reserved 1064960K
  class space    used 1643K, capacity 1730K, committed 1792K, reserved 1048576K
}
Event: 6.004 GC heap before
{Heap before GC invocations=8 (full 0):
 PSYoungGen      total 270848K, used 268147K [0x000000076af80000, 0x000000078c080000, 0x00000007c0000000)
  eden space 260096K, 100% used [0x000000076af80000,0x000000077ad80000,0x000000077ad80000)
  from space 10752K, 74% used [0x000000077ad80000,0x000000077b55cf48,0x000000077b800000)
  to   space 10752K, 0% used [0x000000078b600000,0x000000078b600000,0x000000078c080000)
 ParOldGen       total 175104K, used 5806K [0x00000006c0e00000, 0x00000006cb900000, 0x000000076af80000)
  object space 175104K, 3% used [0x00000006c0e00000,0x00000006c13abb80,0x00000006cb900000)
 Metaspace       used 16113K, capacity 16312K, committed 16640K, reserved 1064960K
  class space    used 1658K, capacity 1762K, committed 1792K, reserved 1048576K
Event: 6.009 GC heap after
Heap after GC invocations=8 (full 0):
 PSYoungGen      total 529920K, used 6867K [0x000000076af80000, 0x000000078bf80000, 0x00000007c0000000)
  eden space 520192K, 0% used [0x000000076af80000,0x000000076af80000,0x000000078ab80000)
  from space 9728K, 70% used [0x000000078b600000,0x000000078bcb4f48,0x000000078bf80000)
  to   space 10240K, 0% used [0x000000078ab80000,0x000000078ab80000,0x000000078b580000)
 ParOldGen       total 175104K, used 7230K [0x00000006c0e00000, 0x00000006cb900000, 0x000000076af80000)
  object space 175104K, 4% used [0x00000006c0e00000,0x00000006c150fb80,0x00000006cb900000)
 Metaspace       used 16113K, capacity 16312K, committed 16640K, reserved 1064960K
  class space    used 1658K, capacity 1762K, committed 1792K, reserved 1048576K
}

Deoptimization events (10 events):
Event: 5.160 Thread 0x000000001e02e800 Uncommon trap: reason=unstable_if action=reinterpret pc=0x0000000002a4bd40 method=sun.misc.FloatingDecimal.readJavaFormatString(Ljava/lang/String;)Lsun/misc/FloatingDecimal$ASCIIToBinaryConverter; @ 178
Event: 5.171 Thread 0x000000001e02e800 Uncommon trap: reason=range_check action=make_not_entrant pc=0x0000000002a2c5b8 method=Utils.ModelLoader.getVertex(Ljava/lang/String;)Linput/state/Vertex3f; @ 18
Event: 5.173 Thread 0x000000001e02e800 Uncommon trap: reason=unstable_if action=reinterpret pc=0x0000000002a754f4 method=Utils.ModelLoader.loadOBJModel(Lcom/jogamp/opengl/GL2;Ljava/io/File;Ljava/io/File;)Ljava/util/ArrayList; @ 625
Event: 5.307 Thread 0x000000001e02e800 Uncommon trap: reason=unstable_if action=reinterpret pc=0x0000000002aa26b4 method=Utils.ModelLoader.loadOBJModel(Lcom/jogamp/opengl/GL2;Ljava/io/File;Ljava/io/File;)Ljava/util/ArrayList; @ 645
Event: 5.535 Thread 0x000000001e02e800 Uncommon trap: reason=unstable_if action=reinterpret pc=0x0000000002abf280 method=Utils.ModelLoader.loadOBJModel(Lcom/jogamp/opengl/GL2;Ljava/io/File;Ljava/io/File;)Ljava/util/ArrayList; @ 665
Event: 5.535 Thread 0x000000001e02e800 Uncommon trap: reason=unstable_if action=reinterpret pc=0x000000000289b360 method=java.io.WinNTFileSystem.normalize(Ljava/lang/String;)Ljava/lang/String; @ 49
Event: 5.622 Thread 0x000000001e02e800 Uncommon trap: reason=unstable_if action=reinterpret pc=0x0000000002ad22c4 method=jogamp.opengl.util.jpeg.JPEGDecoder.clampTo8bit(F)B @ 14
Event: 5.656 Thread 0x000000001e02e800 Uncommon trap: reason=unstable_if action=reinterpret pc=0x0000000002b2d830 method=jogamp.opengl.util.jpeg.JPEGDecoder.getPixel(Ljogamp/opengl/util/jpeg/JPEGDecoder$ColorSink;II)V @ 465
Event: 5.658 Thread 0x000000001e02e800 Uncommon trap: reason=unstable_if action=reinterpret pc=0x0000000002a24dec method=java.lang.String.split(Ljava/lang/String;I)[Ljava/lang/String; @ 8
Event: 6.299 Thread 0x000000001e02e800 Uncommon trap: reason=unstable_if action=reinterpret pc=0x0000000002ba5a54 method=java.lang.String.isEmpty()Z @ 5

Internal exceptions (10 events):
Event: 0.319 Thread 0x00000000024f7000 Exception <a 'java/security/PrivilegedActionException'> (0x000000076b4e1678) thrown at [C:\workspace\8-2-build-windows-amd64-cygwin\jdk8u65\4987\hotspot\src\share\vm\prims\jvm.cpp, line 1386]
Event: 0.320 Thread 0x00000000024f7000 Exception <a 'java/security/PrivilegedActionException'> (0x000000076b4e54c0) thrown at [C:\workspace\8-2-build-windows-amd64-cygwin\jdk8u65\4987\hotspot\src\share\vm\prims\jvm.cpp, line 1386]
Event: 0.320 Thread 0x00000000024f7000 Exception <a 'java/security/PrivilegedActionException'> (0x000000076b4e56d0) thrown at [C:\workspace\8-2-build-windows-amd64-cygwin\jdk8u65\4987\hotspot\src\share\vm\prims\jvm.cpp, line 1386]
Event: 0.340 Thread 0x00000000024f7000 Exception <a 'java/io/FileNotFoundException'> (0x000000076b4e7e98) thrown at [C:\workspace\8-2-build-windows-amd64-cygwin\jdk8u65\4987\hotspot\src\share\vm\prims\jni.cpp, line 709]
Event: 0.482 Thread 0x00000000024f7000 Exception <a 'java/lang/NoSuchFieldError': method resolution failed> (0x000000076b5b5448) thrown at [C:\workspace\8-2-build-windows-amd64-cygwin\jdk8u65\4987\hotspot\src\share\vm\prims\methodHandles.cpp, line 1146]
Event: 0.483 Thread 0x00000000024f7000 Exception <a 'java/lang/NoSuchFieldError': method resolution failed> (0x000000076b5c2818) thrown at [C:\workspace\8-2-build-windows-amd64-cygwin\jdk8u65\4987\hotspot\src\share\vm\prims\methodHandles.cpp, line 1146]
Event: 0.514 Thread 0x00000000024f7000 Exception <a 'java/io/FileNotFoundException'> (0x000000076b7a1c70) thrown at [C:\workspace\8-2-build-windows-amd64-cygwin\jdk8u65\4987\hotspot\src\share\vm\prims\jni.cpp, line 709]
Event: 0.838 Thread 0x00000000024f7000 Exception <a 'java/io/FileNotFoundException'> (0x000000076bd8f9f0) thrown at [C:\workspace\8-2-build-windows-amd64-cygwin\jdk8u65\4987\hotspot\src\share\vm\prims\jni.cpp, line 709]
Event: 2.352 Thread 0x00000000024f7000 Exception <a 'java/lang/InterruptedException'> (0x000000076c8309e0) thrown at [C:\workspace\8-2-build-windows-amd64-cygwin\jdk8u65\4987\hotspot\src\share\vm\runtime\objectMonitor.cpp, line 1683]
Event: 2.372 Thread 0x00000000024f7000 Exception <a 'java/lang/reflect/InvocationTargetException'> (0x000000076c8f74a0) thrown at [C:\workspace\8-2-build-windows-amd64-cygwin\jdk8u65\4987\hotspot\src\share\vm\runtime\reflection.cpp, line 1092]

Events (10 events):
Event: 6.299 Thread 0x000000001e02e800 DEOPT PACKING pc=0x0000000002ba5a54 sp=0x000000002585db50
Event: 6.299 Thread 0x000000001e02e800 DEOPT UNPACKING pc=0x000000000263582a sp=0x000000002585dbb8 mode 2
Event: 6.429 Thread 0x000000001e02e800 DEOPT PACKING pc=0x0000000002b84651 sp=0x000000002585d230
Event: 6.429 Thread 0x000000001e02e800 DEOPT UNPACKING pc=0x000000000263787f sp=0x000000002585d050 mode 0
Event: 6.463 loading class sun/awt/windows/WComponentPeer$1
Event: 6.463 loading class sun/awt/windows/WComponentPeer$1 done
Event: 6.506 loading class com/jogamp/opengl/math/FloatUtil
Event: 6.506 loading class com/jogamp/opengl/math/FloatUtil done
Event: 6.512 loading class com/jogamp/opengl/math/VectorUtil
Event: 6.512 loading class com/jogamp/opengl/math/VectorUtil done


Dynamic libraries:
0x00007ff710770000 - 0x00007ff7107a7000 	C:\Program Files\Java\jdk1.8.0_65\bin\java.exe
0x00007ffc51450000 - 0x00007ffc51611000 	C:\Windows\SYSTEM32\ntdll.dll
0x00007ffc50010000 - 0x00007ffc500bd000 	C:\Windows\system32\KERNEL32.DLL
0x00007ffc4db60000 - 0x00007ffc4dd48000 	C:\Windows\system32\KERNELBASE.dll
0x00007ffc4ff40000 - 0x00007ffc4ffe7000 	C:\Windows\system32\ADVAPI32.dll
0x00007ffc50170000 - 0x00007ffc5020d000 	C:\Windows\system32\msvcrt.dll
0x00007ffc50850000 - 0x00007ffc508ab000 	C:\Windows\system32\sechost.dll
0x00007ffc50fd0000 - 0x00007ffc510ec000 	C:\Windows\system32\RPCRT4.dll
0x00007ffc508b0000 - 0x00007ffc50a06000 	C:\Windows\system32\USER32.dll
0x00007ffc4fdb0000 - 0x00007ffc4ff36000 	C:\Windows\system32\GDI32.dll
0x00007ffc41c50000 - 0x00007ffc41ec4000 	C:\Windows\WinSxS\amd64_microsoft.windows.common-controls_6595b64144ccf1df_6.0.10586.0_none_8c15ae12515e1c22\COMCTL32.dll
0x00007ffc51150000 - 0x00007ffc513cd000 	C:\Windows\system32\combase.dll
0x00007ffc4dd70000 - 0x00007ffc4ddda000 	C:\Windows\system32\bcryptPrimitives.dll
0x00007ffc50130000 - 0x00007ffc5016b000 	C:\Windows\system32\IMM32.DLL
0x0000000059670000 - 0x0000000059742000 	C:\Program Files\Java\jdk1.8.0_65\jre\bin\msvcr100.dll
0x0000000058de0000 - 0x0000000059669000 	C:\Program Files\Java\jdk1.8.0_65\jre\bin\server\jvm.dll
0x00007ffc50e10000 - 0x00007ffc50e18000 	C:\Windows\system32\PSAPI.DLL
0x00007ffc4a9e0000 - 0x00007ffc4a9e9000 	C:\Windows\SYSTEM32\WSOCK32.dll
0x00007ffc500c0000 - 0x00007ffc5012b000 	C:\Windows\system32\WS2_32.dll
0x00007ffc4bcf0000 - 0x00007ffc4bd13000 	C:\Windows\SYSTEM32\WINMM.dll
0x00007ffc49c20000 - 0x00007ffc49c2a000 	C:\Windows\SYSTEM32\VERSION.dll
0x00007ffc4bc90000 - 0x00007ffc4bcbc000 	C:\Windows\SYSTEM32\WINMMBASE.dll
0x00007ffc4dea0000 - 0x00007ffc4dee3000 	C:\Windows\system32\cfgmgr32.dll
0x0000000058dd0000 - 0x0000000058ddf000 	C:\Program Files\Java\jdk1.8.0_65\jre\bin\verify.dll
0x0000000058da0000 - 0x0000000058dc9000 	C:\Program Files\Java\jdk1.8.0_65\jre\bin\java.dll
0x0000000058d80000 - 0x0000000058d96000 	C:\Program Files\Java\jdk1.8.0_65\jre\bin\zip.dll
0x00007ffc4e850000 - 0x00007ffc4fdaf000 	C:\Windows\system32\SHELL32.dll
0x00007ffc4def0000 - 0x00007ffc4e534000 	C:\Windows\system32\windows.storage.dll
0x00007ffc507f0000 - 0x00007ffc50842000 	C:\Windows\system32\shlwapi.dll
0x00007ffc4daf0000 - 0x00007ffc4daff000 	C:\Windows\system32\kernel.appcore.dll
0x00007ffc4dde0000 - 0x00007ffc4de95000 	C:\Windows\system32\shcore.dll
0x00007ffc4daa0000 - 0x00007ffc4daeb000 	C:\Windows\system32\powrprof.dll
0x00007ffc4da80000 - 0x00007ffc4da94000 	C:\Windows\system32\profapi.dll
0x00007ffc46a60000 - 0x00007ffc46a70000 	C:\Users\rodge\IntelliJ IDEA Community Edition 15.0.2\bin\breakgen64.dll
0x0000000058b90000 - 0x0000000058d28000 	C:\Program Files\Java\jdk1.8.0_65\jre\bin\awt.dll
0x00007ffc50b20000 - 0x00007ffc50be1000 	C:\Windows\system32\OLEAUT32.dll
0x00007ffc4c260000 - 0x00007ffc4c2d9000 	C:\Windows\system32\apphelp.dll
0x0000000058d60000 - 0x0000000058d7a000 	C:\Program Files\Java\jdk1.8.0_65\jre\bin\net.dll
0x00007ffc4d3a0000 - 0x00007ffc4d3fc000 	C:\Windows\system32\mswsock.dll
0x00007ffc4ba20000 - 0x00007ffc4ba42000 	C:\Windows\system32\DWMAPI.DLL
0x00007ffc4c3f0000 - 0x00007ffc4c486000 	C:\Windows\system32\uxtheme.dll
0x00007ffc50ca0000 - 0x00007ffc50dfa000 	C:\Windows\system32\MSCTF.dll
0x00007ffc50e80000 - 0x00007ffc50fc3000 	C:\Windows\system32\ole32.dll
0x00007ffc29180000 - 0x00007ffc29390000 	C:\Windows\system32\d3d9.dll
0x00007ffc49c30000 - 0x00007ffc49d97000 	C:\Windows\SYSTEM32\aticfx64.dll
0x00007ffc29150000 - 0x00007ffc29171000 	C:\Windows\SYSTEM32\atiu9p64.dll
0x00007ffc288f0000 - 0x00007ffc29149000 	C:\Windows\SYSTEM32\atiumd64.dll
0x0000000059a80000 - 0x000000005a308000 	C:\Windows\SYSTEM32\atiumd6a.dll
0x0000000058b40000 - 0x0000000058b87000 	C:\Program Files\Java\jdk1.8.0_65\jre\bin\fontmanager.dll
0x00007ffc4d450000 - 0x00007ffc4d467000 	C:\Windows\SYSTEM32\CRYPTSP.dll
0x00007ffc4d0e0000 - 0x00007ffc4d114000 	C:\Windows\system32\rsaenh.dll
0x00007ffc4d670000 - 0x00007ffc4d699000 	C:\Windows\SYSTEM32\bcrypt.dll
0x00007ffc4d230000 - 0x00007ffc4d24f000 	C:\Windows\SYSTEM32\USERENV.dll
0x00007ffc4d570000 - 0x00007ffc4d57b000 	C:\Windows\SYSTEM32\CRYPTBASE.dll
0x00007ffc48e90000 - 0x00007ffc48ec8000 	C:\Windows\SYSTEM32\IPHLPAPI.DLL
0x00007ffc50e00000 - 0x00007ffc50e08000 	C:\Windows\system32\NSI.dll
0x00007ffc48dd0000 - 0x00007ffc48de6000 	C:\Windows\SYSTEM32\dhcpcsvc6.DLL
0x00007ffc48da0000 - 0x00007ffc48dba000 	C:\Windows\SYSTEM32\dhcpcsvc.DLL
0x0000000058d40000 - 0x0000000058d51000 	C:\Program Files\Java\jdk1.8.0_65\jre\bin\nio.dll
0x00000000637c0000 - 0x00000000637cd000 	C:\Users\rodge\AppData\Local\Temp\jogamp_0000\file_cache\jln287168475234587318\jln6306817831468250946\gluegen-rt.dll
0x0000000058d30000 - 0x0000000058d37000 	C:\Program Files\Java\jdk1.8.0_65\jre\bin\jawt.dll
0x000000006a440000 - 0x000000006a44d000 	C:\Users\rodge\AppData\Local\Temp\jogamp_0000\file_cache\jln287168475234587318\jln6306817831468250946\nativewindow_awt.dll
0x000000006c100000 - 0x000000006c10f000 	C:\Users\rodge\AppData\Local\Temp\jogamp_0000\file_cache\jln287168475234587318\jln6306817831468250946\nativewindow_win32.dll
0x00007ffc388a0000 - 0x00007ffc389c9000 	C:\Windows\SYSTEM32\OpenGL32.dll
0x00007ffc3eaa0000 - 0x00007ffc3eace000 	C:\Windows\SYSTEM32\GLU32.dll
0x00007ffc375d0000 - 0x00007ffc376ca000 	C:\Windows\SYSTEM32\DDRAW.dll
0x00007ffc480c0000 - 0x00007ffc480c8000 	C:\Windows\SYSTEM32\DCIMAN32.dll
0x0000000064500000 - 0x00000000645ae000 	C:\Users\rodge\AppData\Local\Temp\jogamp_0000\file_cache\jln287168475234587318\jln6306817831468250946\jogl_desktop.dll
0x0000000064340000 - 0x00000000643a0000 	C:\Users\rodge\AppData\Local\Temp\jogamp_0000\file_cache\jln287168475234587318\jln6306817831468250946\jogl_mobile.dll
0x00007ffc3d710000 - 0x00007ffc3d728000 	C:\Windows\SYSTEM32\atig6pxx.dll
0x0000000056d40000 - 0x0000000058b40000 	C:\Windows\SYSTEM32\atio6axx.dll
0x00007ffc503c0000 - 0x00007ffc507e9000 	C:\Windows\system32\SETUPAPI.dll
0x00007ffc303b0000 - 0x00007ffc304f1000 	C:\Windows\SYSTEM32\atiadlxx.dll
0x00007ffc4ba70000 - 0x00007ffc4bbf6000 	C:\Windows\SYSTEM32\PROPSYS.dll
0x00007ffc4b750000 - 0x00007ffc4b763000 	C:\Windows\SYSTEM32\WTSAPI32.dll
0x00007ffc4c540000 - 0x00007ffc4c567000 	C:\Windows\SYSTEM32\DEVOBJ.dll
0x00007ffc4db00000 - 0x00007ffc4db55000 	C:\Windows\system32\WINTRUST.dll
0x00007ffc4da70000 - 0x00007ffc4da80000 	C:\Windows\system32\MSASN1.dll
0x00007ffc4e540000 - 0x00007ffc4e707000 	C:\Windows\system32\CRYPT32.dll
0x00007ffc3d2d0000 - 0x00007ffc3d2fc000 	C:\Windows\SYSTEM32\atig6txx.dll
0x00007ffc371d0000 - 0x00007ffc3735c000 	C:\Windows\SYSTEM32\dbghelp.dll

VM Arguments:
jvm_args: -Didea.launcher.port=7532 -Didea.launcher.bin.path=C:\Users\rodge\IntelliJ IDEA Community Edition 15.0.2\bin -Dfile.encoding=UTF-8 
java_command: com.intellij.rt.execution.application.AppMain Main
java_class_path (initial): C:\Program Files\Java\jdk1.8.0_65\jre\lib\charsets.jar;C:\Program Files\Java\jdk1.8.0_65\jre\lib\deploy.jar;C:\Program Files\Java\jdk1.8.0_65\jre\lib\ext\access-bridge-64.jar;C:\Program Files\Java\jdk1.8.0_65\jre\lib\ext\cldrdata.jar;C:\Program Files\Java\jdk1.8.0_65\jre\lib\ext\dnsns.jar;C:\Program Files\Java\jdk1.8.0_65\jre\lib\ext\jaccess.jar;C:\Program Files\Java\jdk1.8.0_65\jre\lib\ext\jfxrt.jar;C:\Program Files\Java\jdk1.8.0_65\jre\lib\ext\localedata.jar;C:\Program Files\Java\jdk1.8.0_65\jre\lib\ext\nashorn.jar;C:\Program Files\Java\jdk1.8.0_65\jre\lib\ext\sunec.jar;C:\Program Files\Java\jdk1.8.0_65\jre\lib\ext\sunjce_provider.jar;C:\Program Files\Java\jdk1.8.0_65\jre\lib\ext\sunmscapi.jar;C:\Program Files\Java\jdk1.8.0_65\jre\lib\ext\sunpkcs11.jar;C:\Program Files\Java\jdk1.8.0_65\jre\lib\ext\zipfs.jar;C:\Program Files\Java\jdk1.8.0_65\jre\lib\javaws.jar;C:\Program Files\Java\jdk1.8.0_65\jre\lib\jce.jar;C:\Program Files\Java\jdk1.8.0_65\jre\lib\jfr.jar;C:\Program Files\Java\jdk1.8.0_65\jre\lib\jfxswt.jar;C:\Program Files\Java\jdk1.8.0_65\jre\lib\jsse.jar;C:\Program Files\Java\jdk1.8.0_65\jre\lib\management-agent.jar;C:\Program Files\Java\jdk1.8.0_65\jre\lib\plugin.jar;C:\Program Files\Java\jdk1.8.0_65\jre\lib\resources.jar;C:\Program Files\Java\jdk1.8.0_65\jre\lib\rt.jar;C:\Users\rodge\OneDrive\Documents\SpaceRacer\out\production\SpaceRacer;C:\Users\rodge\OneDrive\Documents\Libraries\jogamp-all-platforms\jar\joal.jar;C:\Users\rodge\OneDrive\Documents\Libraries\jogamp-all-platforms\jar\jocl.jar;C:\Users\rodge\OneDrive\Documents\Libraries\jogamp-all-platforms\jar\gluegen.jar;C:\Users\rodge\OneDrive\Documents\Libraries\jogamp-all-platforms\jar\jogl-all.jar;C:\Users\rodge\OneDrive\Documents\Libraries\jogamp-all-platforms\jar\joal-test.jar;C:\Users\rodge\OneDrive\Documents\Libraries\jogamp-all-platforms\jar\jocl-test.jar;C:\Users\rodge\OneDrive\Documents\Libraries\jogamp-all-platforms\jar\jogl-test.jar;C:\Users\rodge\OneDrive\Documents
Launcher Type: SUN_STANDARD

Environment Variables:
PATH=C:\ProgramData\Oracle\Java\javapath;C:\Windows\system32;C:\Windows;C:\Windows\System32\Wbem;C:\Windows\System32\WindowsPowerShell\v1.0\;C:\Program Files (x86)\ATI Technologies\ATI.ACE\Core-Static;C:\Program Files (x86)\Skype\Phone\;
USERNAME=rodge
OS=Windows_NT
PROCESSOR_IDENTIFIER=Intel64 Family 6 Model 58 Stepping 9, GenuineIntel



---------------  S Y S T E M  ---------------

OS: Windows 10.0 , 64 bit Build 10586 (10.0.10586.0)

CPU:total 4 (4 cores per cpu, 1 threads per core) family 6 model 58 stepping 9, cmov, cx8, fxsr, mmx, sse, sse2, sse3, ssse3, sse4.1, sse4.2, popcnt, avx, aes, clmul, erms, tsc, tscinvbit, tscinv

Memory: 4k page, physical 16719488k(10492328k free), swap 19734144k(10390704k free)

vm_info: Java HotSpot(TM) 64-Bit Server VM (25.65-b01) for windows-amd64 JRE (1.8.0_65-b17), built on Oct  6 2015 16:39:20 by "java_re" with MS VC++ 10.0 (VS2010)

time: Wed Dec 16 15:57:41 2015
elapsed time: 6 seconds (0d 0h 0m 6s)

