#
# A fatal error has been detected by the Java Runtime Environment:
#
#  EXCEPTION_ACCESS_VIOLATION (0xc0000005) at pc=0x00000000578b9b10, pid=3624, tid=8456
#
# JRE version: Java(TM) SE Runtime Environment (8.0_65-b17) (build 1.8.0_65-b17)
# Java VM: Java HotSpot(TM) 64-Bit Server VM (25.65-b01 mixed mode windows-amd64 compressed oops)
# Problematic frame:
# C  [atio6axx.dll+0xb79b10]
#
# Failed to write core dump. Minidumps are not enabled by default on client versions of Windows
#
# If you would like to submit a bug report, please visit:
#   http://bugreport.java.com/bugreport/crash.jsp
# The crash happened outside the Java Virtual Machine in native code.
# See problematic frame for where to report the bug.
#

---------------  T H R E A D  ---------------

Current thread (0x000000001e044000):  JavaThread "AWT-EventQueue-0" [_thread_in_native, id=8456, stack(0x00000000257d0000,0x00000000258d0000)]

siginfo: ExceptionCode=0xc0000005, reading address 0x000000002ba5f000

Registers:
RAX=0x00000000ff000000, RBX=0x00000000258cd910, RCX=0x00000000ff000000, RDX=0x000000003f2654cc
RSP=0x00000000258cd790, RBP=0x00000000258cd869, RSI=0x000000002ba5effd, RDI=0x00000000000003a1
R8 =0x00000000000000e8, R9 =0x00000000000001eb, R10=0x0000000000000000, R11=0x0000000000000001
R12=0x00000000000001ee, R13=0x0000000000000001, R14=0x0000000000000431, R15=0x0000000000000000
RIP=0x00000000578b9b10, EFLAGS=0x0000000000010206

Top of Stack: (sp=0x00000000258cd790)
0x00000000258cd790:   00000000258cd910 00000000258cd869
0x00000000258cd7a0:   000000002ba5c894 00000000000000d0
0x00000000258cd7b0:   000000000000000b 0000000000000000
0x00000000258cd7c0:   0000000000000431 00000000000001ee
0x00000000258cd7d0:   00000000ffffffff 0000000000000000
0x00000000258cd7e0:   0000000000000000 000000002ba5c894
0x00000000258cd7f0:   0000000000000005 0000000000000009
0x00000000258cd800:   000000000000000b 0000000000000924
0x00000000258cd810:   000000005886dd94 0000000000000001
0x00000000258cd820:   00000000000000c0 0000000000000000
0x00000000258cd830:   0000000000510000 0000000000000080
0x00000000258cd840:   0000000000000000 0000000000000002
0x00000000258cd850:   0000000000000000 0000000000000090
0x00000000258cd860:   00000000000000f3 00007ffc514758d4
0x00000000258cd870:   000000002df60088 000000002a2085c0
0x00000000258cd880:   0000000000000094 0000000000000001 

Instructions: (pc=0x00000000578b9b10)
0x00000000578b9af0:   41 8b fe 41 83 fe 03 76 69 45 8d 46 fc 41 c1 e8
0x00000000578b9b00:   02 41 ff c0 66 66 66 66 0f 1f 84 00 00 00 00 00
0x00000000578b9b10:   8b 06 48 83 c2 10 48 83 c6 0c 0d 00 00 00 ff 83
0x00000000578b9b20:   c7 fc 89 42 f0 0f b6 46 f7 8b 4e f8 81 c9 00 00 


Register to memory mapping:

RAX=0x00000000ff000000 is an unknown value
RBX=0x00000000258cd910 is pointing into the stack for thread: 0x000000001e044000
RCX=0x00000000ff000000 is an unknown value
RDX=0x000000003f2654cc is an unknown value
RSP=0x00000000258cd790 is pointing into the stack for thread: 0x000000001e044000
RBP=0x00000000258cd869 is pointing into the stack for thread: 0x000000001e044000
RSI=0x000000002ba5effd is an unknown value
RDI=0x00000000000003a1 is an unknown value
R8 =0x00000000000000e8 is an unknown value
R9 =0x00000000000001eb is an unknown value
R10=0x0000000000000000 is an unknown value
R11=0x0000000000000001 is an unknown value
R12=0x00000000000001ee is an unknown value
R13=0x0000000000000001 is an unknown value
R14=0x0000000000000431 is an unknown value
R15=0x0000000000000000 is an unknown value


Stack: [0x00000000257d0000,0x00000000258d0000],  sp=0x00000000258cd790,  free space=1013k
Native frames: (J=compiled Java code, j=interpreted, Vv=VM code, C=native code)
C  [atio6axx.dll+0xb79b10]
C  [atio6axx.dll+0xb0cfed]
C  [atio6axx.dll+0x21e19b]
C  [atio6axx.dll+0x2cff15]
C  [atio6axx.dll+0x779828]
C  0x00000000025a5e34

Java frames: (J=compiled Java code, j=interpreted, Vv=VM code)
j  jogamp.opengl.gl4.GL4bcImpl.dispatch_glCallList1(IJ)V+0
j  jogamp.opengl.gl4.GL4bcImpl.glCallList(I)V+40
j  JOGL.JOGLObject.draw(Lcom/jogamp/opengl/GL2;)V+100
j  JOGL.JoglEventListener.display(Lcom/jogamp/opengl/GLAutoDrawable;)V+471
j  jogamp.opengl.GLDrawableHelper.displayImpl(Lcom/jogamp/opengl/GLAutoDrawable;)V+81
j  jogamp.opengl.GLDrawableHelper.display(Lcom/jogamp/opengl/GLAutoDrawable;)V+2
j  com.jogamp.opengl.awt.GLCanvas$11.run()V+118
j  jogamp.opengl.GLDrawableHelper.invokeGLImpl(Lcom/jogamp/opengl/GLDrawable;Lcom/jogamp/opengl/GLContext;Ljava/lang/Runnable;Ljava/lang/Runnable;)V+203
j  jogamp.opengl.GLDrawableHelper.invokeGL(Lcom/jogamp/opengl/GLDrawable;Lcom/jogamp/opengl/GLContext;Ljava/lang/Runnable;Ljava/lang/Runnable;)V+72
j  com.jogamp.opengl.awt.GLCanvas$12.run()V+104
j  java.awt.event.InvocationEvent.dispatch()V+11
j  java.awt.EventQueue.dispatchEventImpl(Ljava/awt/AWTEvent;Ljava/lang/Object;)V+21
j  java.awt.EventQueue.access$500(Ljava/awt/EventQueue;Ljava/awt/AWTEvent;Ljava/lang/Object;)V+3
j  java.awt.EventQueue$3.run()Ljava/lang/Void;+32
j  java.awt.EventQueue$3.run()Ljava/lang/Object;+1
v  ~StubRoutines::call_stub
j  java.security.AccessController.doPrivileged(Ljava/security/PrivilegedAction;Ljava/security/AccessControlContext;)Ljava/lang/Object;+0
j  java.security.ProtectionDomain$JavaSecurityAccessImpl.doIntersectionPrivilege(Ljava/security/PrivilegedAction;Ljava/security/AccessControlContext;Ljava/security/AccessControlContext;)Ljava/lang/Object;+18
j  java.awt.EventQueue.dispatchEvent(Ljava/awt/AWTEvent;)V+46
j  java.awt.EventDispatchThread.pumpOneEventForFilters(I)V+245
j  java.awt.EventDispatchThread.pumpEventsForFilter(ILjava/awt/Conditional;Ljava/awt/EventFilter;)V+35
j  java.awt.EventDispatchThread.pumpEventsForHierarchy(ILjava/awt/Conditional;Ljava/awt/Component;)V+11
j  java.awt.EventDispatchThread.pumpEvents(ILjava/awt/Conditional;)V+4
j  java.awt.EventDispatchThread.pumpEvents(Ljava/awt/Conditional;)V+3
j  java.awt.EventDispatchThread.run()V+9
v  ~StubRoutines::call_stub

---------------  P R O C E S S  ---------------

Java Threads: ( => current thread )
  0x0000000002497800 JavaThread "DestroyJavaVM" [_thread_blocked, id=9772, stack(0x0000000002290000,0x0000000002390000)]
  0x0000000026991000 JavaThread "main-AWTAnimator#00" [_thread_blocked, id=8376, stack(0x000000002ba60000,0x000000002bb60000)]
  0x000000001e174800 JavaThread "main-SharedResourceRunner" daemon [_thread_blocked, id=9748, stack(0x0000000027be0000,0x0000000027ce0000)]
  0x000000001e0c4800 JavaThread "D3D Screen Updater" daemon [_thread_blocked, id=8264, stack(0x00000000258d0000,0x00000000259d0000)]
=>0x000000001e044000 JavaThread "AWT-EventQueue-0" [_thread_in_native, id=8456, stack(0x00000000257d0000,0x00000000258d0000)]
  0x000000001e061000 JavaThread "AWT-Windows" daemon [_thread_in_native, id=3940, stack(0x000000001e7f0000,0x000000001e8f0000)]
  0x000000001e0b4000 JavaThread "AWT-Shutdown" [_thread_blocked, id=4132, stack(0x000000001e6f0000,0x000000001e7f0000)]
  0x000000001e0b3800 JavaThread "Java2D Disposer" daemon [_thread_blocked, id=3692, stack(0x000000001e5f0000,0x000000001e6f0000)]
  0x000000001d6ba000 JavaThread "Monitor Ctrl-Break" daemon [_thread_in_native, id=9132, stack(0x000000001e310000,0x000000001e410000)]
  0x000000001d541000 JavaThread "Service Thread" daemon [_thread_blocked, id=1040, stack(0x000000001d910000,0x000000001da10000)]
  0x000000001bbf9800 JavaThread "C1 CompilerThread2" daemon [_thread_blocked, id=2308, stack(0x000000001d410000,0x000000001d510000)]
  0x000000001bbe8800 JavaThread "C2 CompilerThread1" daemon [_thread_blocked, id=5528, stack(0x000000001d310000,0x000000001d410000)]
  0x000000001bbe6000 JavaThread "C2 CompilerThread0" daemon [_thread_blocked, id=7524, stack(0x000000001d210000,0x000000001d310000)]
  0x000000001bbe4800 JavaThread "Attach Listener" daemon [_thread_blocked, id=3084, stack(0x000000001d110000,0x000000001d210000)]
  0x000000001bbe3000 JavaThread "Signal Dispatcher" daemon [_thread_blocked, id=5160, stack(0x000000001d010000,0x000000001d110000)]
  0x000000000258e000 JavaThread "Finalizer" daemon [_thread_blocked, id=3976, stack(0x000000001ce30000,0x000000001cf30000)]
  0x0000000002584000 JavaThread "Reference Handler" daemon [_thread_blocked, id=9180, stack(0x000000001cd30000,0x000000001ce30000)]

Other Threads:
  0x000000001bba8000 VMThread [stack: 0x000000001cc30000,0x000000001cd30000] [id=7096]
  0x000000001d59e000 WatcherThread [stack: 0x000000001da10000,0x000000001db10000] [id=6872]

VM state:not at safepoint (normal execution)

VM Mutex/Monitor currently owned by a thread: None

Heap:
 PSYoungGen      total 531968K, used 321413K [0x000000076af80000, 0x000000078c180000, 0x00000007c0000000)
  eden space 521216K, 60% used [0x000000076af80000,0x000000077e2944d0,0x000000078ac80000)
  from space 10752K, 64% used [0x000000078b700000,0x000000078bdccf48,0x000000078c180000)
  to   space 10752K, 0% used [0x000000078ac80000,0x000000078ac80000,0x000000078b700000)
 ParOldGen       total 175104K, used 7198K [0x00000006c0e00000, 0x00000006cb900000, 0x000000076af80000)
  object space 175104K, 4% used [0x00000006c0e00000,0x00000006c1507b60,0x00000006cb900000)
 Metaspace       used 16229K, capacity 16440K, committed 16640K, reserved 1064960K
  class space    used 1661K, capacity 1762K, committed 1792K, reserved 1048576K

Card table byte_map: [0x0000000011950000,0x0000000012150000] byte_map_base: 0x000000000e349000

Marking Bits: (ParMarkBitMap*) 0x00000000595ea5b0
 Begin Bits: [0x0000000012ab0000, 0x0000000016a78000)
 End Bits:   [0x0000000016a78000, 0x000000001aa40000)

Polling page: 0x0000000000500000

CodeCache: size=245760Kb used=6056Kb max_used=6061Kb free=239703Kb
 bounds [0x0000000002590000, 0x0000000002b90000, 0x0000000011590000]
 total_blobs=2072 nmethods=1221 adapters=764
 compilation: enabled

Compilation events (10 events):
Event: 5.244 Thread 0x000000001bbe8800 1216       4       java.nio.ByteBuffer::arrayOffset (35 bytes)
Event: 5.245 Thread 0x000000001bbe8800 nmethod 1216 0x0000000002b49dd0 code [0x0000000002b49f00, 0x0000000002b49f98]
Event: 5.407 Thread 0x000000001bbe6000 1217 % !   4       jogamp.opengl.util.jpeg.JPEGDecoder$Decoder::decodeScan @ 421 (806 bytes)
Event: 5.419 Thread 0x000000001bbe6000 nmethod 1217% 0x0000000002b526d0 code [0x0000000002b528e0, 0x0000000002b53510]
Event: 5.598 Thread 0x000000001bbf9800 1218 % !   3       Utils.ModelLoader::loadOBJModel @ 543 (821 bytes)
Event: 5.604 Thread 0x000000001bbf9800 nmethod 1218% 0x0000000002b68f10 code [0x0000000002b69ce0, 0x0000000002b73f98]
Event: 5.611 Thread 0x000000001bbe8800 1219 % !   4       jogamp.opengl.util.jpeg.JPEGDecoder$Decoder::decodeScan @ 376 (806 bytes)
Event: 5.622 Thread 0x000000001bbe8800 nmethod 1219% 0x0000000002b507d0 code [0x0000000002b509e0, 0x0000000002b51810]
Event: 5.662 Thread 0x000000001bbe6000 1220   !   4       jogamp.opengl.util.jpeg.JPEGDecoder$Decoder::decodeScan (806 bytes)
Event: 5.675 Thread 0x000000001bbe6000 nmethod 1220 0x0000000002b54890 code [0x0000000002b54ac0, 0x0000000002b55970]

GC Heap History (10 events):
Event: 4.332 GC heap before
{Heap before GC invocations=4 (full 0):
 PSYoungGen      total 76288K, used 71458K [0x000000076af80000, 0x0000000774480000, 0x00000007c0000000)
  eden space 65536K, 100% used [0x000000076af80000,0x000000076ef80000,0x000000076ef80000)
  from space 10752K, 55% used [0x000000076ef80000,0x000000076f548b00,0x000000076fa00000)
  to   space 10752K, 0% used [0x0000000773a00000,0x0000000773a00000,0x0000000774480000)
 ParOldGen       total 175104K, used 32K [0x00000006c0e00000, 0x00000006cb900000, 0x000000076af80000)
  object space 175104K, 0% used [0x00000006c0e00000,0x00000006c0e08000,0x00000006cb900000)
 Metaspace       used 16004K, capacity 16216K, committed 16384K, reserved 1064960K
  class space    used 1644K, capacity 1730K, committed 1792K, reserved 1048576K
Event: 4.337 GC heap after
Heap after GC invocations=4 (full 0):
 PSYoungGen      total 141824K, used 6733K [0x000000076af80000, 0x0000000774480000, 0x00000007c0000000)
  eden space 131072K, 0% used [0x000000076af80000,0x000000076af80000,0x0000000772f80000)
  from space 10752K, 62% used [0x0000000773a00000,0x00000007740936c8,0x0000000774480000)
  to   space 10752K, 0% used [0x0000000772f80000,0x0000000772f80000,0x0000000773a00000)
 ParOldGen       total 175104K, used 40K [0x00000006c0e00000, 0x00000006cb900000, 0x000000076af80000)
  object space 175104K, 0% used [0x00000006c0e00000,0x00000006c0e0a000,0x00000006cb900000)
 Metaspace       used 16004K, capacity 16216K, committed 16384K, reserved 1064960K
  class space    used 1644K, capacity 1730K, committed 1792K, reserved 1048576K
}
Event: 4.430 GC heap before
{Heap before GC invocations=5 (full 0):
 PSYoungGen      total 141824K, used 137805K [0x000000076af80000, 0x0000000774480000, 0x00000007c0000000)
  eden space 131072K, 100% used [0x000000076af80000,0x0000000772f80000,0x0000000772f80000)
  from space 10752K, 62% used [0x0000000773a00000,0x00000007740936c8,0x0000000774480000)
  to   space 10752K, 0% used [0x0000000772f80000,0x0000000772f80000,0x0000000773a00000)
 ParOldGen       total 175104K, used 40K [0x00000006c0e00000, 0x00000006cb900000, 0x000000076af80000)
  object space 175104K, 0% used [0x00000006c0e00000,0x00000006c0e0a000,0x00000006cb900000)
 Metaspace       used 16008K, capacity 16216K, committed 16384K, reserved 1064960K
  class space    used 1644K, capacity 1730K, committed 1792K, reserved 1048576K
Event: 4.437 GC heap after
Heap after GC invocations=5 (full 0):
 PSYoungGen      total 141824K, used 8599K [0x000000076af80000, 0x000000077c180000, 0x00000007c0000000)
  eden space 131072K, 0% used [0x000000076af80000,0x000000076af80000,0x0000000772f80000)
  from space 10752K, 79% used [0x0000000772f80000,0x00000007737e5d98,0x0000000773a00000)
  to   space 9216K, 0% used [0x000000077b880000,0x000000077b880000,0x000000077c180000)
 ParOldGen       total 175104K, used 48K [0x00000006c0e00000, 0x00000006cb900000, 0x000000076af80000)
  object space 175104K, 0% used [0x00000006c0e00000,0x00000006c0e0c000,0x00000006cb900000)
 Metaspace       used 16008K, capacity 16216K, committed 16384K, reserved 1064960K
  class space    used 1644K, capacity 1730K, committed 1792K, reserved 1048576K
}
Event: 4.507 GC heap before
{Heap before GC invocations=6 (full 0):
 PSYoungGen      total 141824K, used 139671K [0x000000076af80000, 0x000000077c180000, 0x00000007c0000000)
  eden space 131072K, 100% used [0x000000076af80000,0x0000000772f80000,0x0000000772f80000)
  from space 10752K, 79% used [0x0000000772f80000,0x00000007737e5d98,0x0000000773a00000)
  to   space 9216K, 0% used [0x000000077b880000,0x000000077b880000,0x000000077c180000)
 ParOldGen       total 175104K, used 48K [0x00000006c0e00000, 0x00000006cb900000, 0x000000076af80000)
  object space 175104K, 0% used [0x00000006c0e00000,0x00000006c0e0c000,0x00000006cb900000)
 Metaspace       used 16008K, capacity 16216K, committed 16384K, reserved 1064960K
  class space    used 1644K, capacity 1730K, committed 1792K, reserved 1048576K
Event: 4.514 GC heap after
Heap after GC invocations=6 (full 0):
 PSYoungGen      total 269824K, used 9186K [0x000000076af80000, 0x000000077c480000, 0x00000007c0000000)
  eden space 260608K, 0% used [0x000000076af80000,0x000000076af80000,0x000000077ae00000)
  from space 9216K, 99% used [0x000000077b880000,0x000000077c178820,0x000000077c180000)
  to   space 10752K, 0% used [0x000000077ae00000,0x000000077ae00000,0x000000077b880000)
 ParOldGen       total 175104K, used 1376K [0x00000006c0e00000, 0x00000006cb900000, 0x000000076af80000)
  object space 175104K, 0% used [0x00000006c0e00000,0x00000006c0f58000,0x00000006cb900000)
 Metaspace       used 16008K, capacity 16216K, committed 16384K, reserved 1064960K
  class space    used 1644K, capacity 1730K, committed 1792K, reserved 1048576K
}
Event: 4.718 GC heap before
{Heap before GC invocations=7 (full 0):
 PSYoungGen      total 269824K, used 269794K [0x000000076af80000, 0x000000077c480000, 0x00000007c0000000)
  eden space 260608K, 100% used [0x000000076af80000,0x000000077ae00000,0x000000077ae00000)
  from space 9216K, 99% used [0x000000077b880000,0x000000077c178820,0x000000077c180000)
  to   space 10752K, 0% used [0x000000077ae00000,0x000000077ae00000,0x000000077b880000)
 ParOldGen       total 175104K, used 1376K [0x00000006c0e00000, 0x00000006cb900000, 0x000000076af80000)
  object space 175104K, 0% used [0x00000006c0e00000,0x00000006c0f58000,0x00000006cb900000)
 Metaspace       used 16012K, capacity 16216K, committed 16384K, reserved 1064960K
  class space    used 1644K, capacity 1730K, committed 1792K, reserved 1048576K
Event: 4.727 GC heap after
Heap after GC invocations=7 (full 0):
 PSYoungGen      total 271360K, used 8179K [0x000000076af80000, 0x000000078c180000, 0x00000007c0000000)
  eden space 260608K, 0% used [0x000000076af80000,0x000000076af80000,0x000000077ae00000)
  from space 10752K, 76% used [0x000000077ae00000,0x000000077b5fcf48,0x000000077b880000)
  to   space 10752K, 0% used [0x000000078b700000,0x000000078b700000,0x000000078c180000)
 ParOldGen       total 175104K, used 5790K [0x00000006c0e00000, 0x00000006cb900000, 0x000000076af80000)
  object space 175104K, 3% used [0x00000006c0e00000,0x00000006c13a7b60,0x00000006cb900000)
 Metaspace       used 16012K, capacity 16216K, committed 16384K, reserved 1064960K
  class space    used 1644K, capacity 1730K, committed 1792K, reserved 1048576K
}
Event: 5.185 GC heap before
{Heap before GC invocations=8 (full 0):
 PSYoungGen      total 271360K, used 268787K [0x000000076af80000, 0x000000078c180000, 0x00000007c0000000)
  eden space 260608K, 100% used [0x000000076af80000,0x000000077ae00000,0x000000077ae00000)
  from space 10752K, 76% used [0x000000077ae00000,0x000000077b5fcf48,0x000000077b880000)
  to   space 10752K, 0% used [0x000000078b700000,0x000000078b700000,0x000000078c180000)
 ParOldGen       total 175104K, used 5790K [0x00000006c0e00000, 0x00000006cb900000, 0x000000076af80000)
  object space 175104K, 3% used [0x00000006c0e00000,0x00000006c13a7b60,0x00000006cb900000)
 Metaspace       used 16178K, capacity 16376K, committed 16640K, reserved 1064960K
  class space    used 1659K, capacity 1762K, committed 1792K, reserved 1048576K
Event: 5.190 GC heap after
Heap after GC invocations=8 (full 0):
 PSYoungGen      total 531968K, used 6963K [0x000000076af80000, 0x000000078c180000, 0x00000007c0000000)
  eden space 521216K, 0% used [0x000000076af80000,0x000000076af80000,0x000000078ac80000)
  from space 10752K, 64% used [0x000000078b700000,0x000000078bdccf48,0x000000078c180000)
  to   space 10752K, 0% used [0x000000078ac80000,0x000000078ac80000,0x000000078b700000)
 ParOldGen       total 175104K, used 7198K [0x00000006c0e00000, 0x00000006cb900000, 0x000000076af80000)
  object space 175104K, 4% used [0x00000006c0e00000,0x00000006c1507b60,0x00000006cb900000)
 Metaspace       used 16178K, capacity 16376K, committed 16640K, reserved 1064960K
  class space    used 1659K, capacity 1762K, committed 1792K, reserved 1048576K
}

Deoptimization events (10 events):
Event: 4.368 Thread 0x000000001e044000 Uncommon trap: reason=range_check action=make_not_entrant pc=0x00000000029e3078 method=Utils.ModelLoader.getVertex(Ljava/lang/String;)Linput/state/Vertex3f; @ 18
Event: 4.370 Thread 0x000000001e044000 Uncommon trap: reason=unstable_if action=reinterpret pc=0x0000000002a36208 method=Utils.ModelLoader.loadOBJModel(Lcom/jogamp/opengl/GL2;Ljava/io/File;Ljava/io/File;)Ljava/util/ArrayList; @ 625
Event: 4.506 Thread 0x000000001e044000 Uncommon trap: reason=unstable_if action=reinterpret pc=0x0000000002a5a730 method=Utils.ModelLoader.loadOBJModel(Lcom/jogamp/opengl/GL2;Ljava/io/File;Ljava/io/File;)Ljava/util/ArrayList; @ 645
Event: 4.729 Thread 0x000000001e044000 Uncommon trap: reason=unstable_if action=reinterpret pc=0x0000000002a77bd8 method=Utils.ModelLoader.loadOBJModel(Lcom/jogamp/opengl/GL2;Ljava/io/File;Ljava/io/File;)Ljava/util/ArrayList; @ 665
Event: 4.729 Thread 0x000000001e044000 Uncommon trap: reason=unstable_if action=reinterpret pc=0x000000000285ba20 method=java.io.WinNTFileSystem.normalize(Ljava/lang/String;)Ljava/lang/String; @ 49
Event: 4.809 Thread 0x000000001e044000 Uncommon trap: reason=unstable_if action=reinterpret pc=0x0000000002a867c4 method=jogamp.opengl.util.jpeg.JPEGDecoder.clampTo8bit(F)B @ 14
Event: 4.842 Thread 0x000000001e044000 Uncommon trap: reason=unstable_if action=reinterpret pc=0x0000000002adfef8 method=jogamp.opengl.util.jpeg.JPEGDecoder.getPixel(Ljogamp/opengl/util/jpeg/JPEGDecoder$ColorSink;II)V @ 465
Event: 4.845 Thread 0x000000001e044000 Uncommon trap: reason=unstable_if action=reinterpret pc=0x00000000029d88ac method=java.lang.String.split(Ljava/lang/String;I)[Ljava/lang/String; @ 8
Event: 4.911 Thread 0x000000001e044000 Uncommon trap: reason=unstable_if action=reinterpret pc=0x0000000002b32e90 method=jogamp.opengl.util.jpeg.JPEGDecoder$Output.quantizeAndInverse([I[B[I[I)V @ 814
Event: 5.479 Thread 0x000000001e044000 Uncommon trap: reason=unstable_if action=reinterpret pc=0x0000000002b63764 method=java.lang.String.isEmpty()Z @ 5

Internal exceptions (10 events):
Event: 0.170 Thread 0x0000000002497800 Exception <a 'java/security/PrivilegedActionException'> (0x000000076b62a288) thrown at [C:\workspace\8-2-build-windows-amd64-cygwin\jdk8u65\4987\hotspot\src\share\vm\prims\jvm.cpp, line 1386]
Event: 0.171 Thread 0x0000000002497800 Exception <a 'java/security/PrivilegedActionException'> (0x000000076b62e0d0) thrown at [C:\workspace\8-2-build-windows-amd64-cygwin\jdk8u65\4987\hotspot\src\share\vm\prims\jvm.cpp, line 1386]
Event: 0.171 Thread 0x0000000002497800 Exception <a 'java/security/PrivilegedActionException'> (0x000000076b62e2e0) thrown at [C:\workspace\8-2-build-windows-amd64-cygwin\jdk8u65\4987\hotspot\src\share\vm\prims\jvm.cpp, line 1386]
Event: 0.173 Thread 0x0000000002497800 Exception <a 'java/io/FileNotFoundException'> (0x000000076b630508) thrown at [C:\workspace\8-2-build-windows-amd64-cygwin\jdk8u65\4987\hotspot\src\share\vm\prims\jni.cpp, line 709]
Event: 0.201 Thread 0x0000000002497800 Exception <a 'java/lang/NoSuchFieldError': method resolution failed> (0x000000076b6fdab8) thrown at [C:\workspace\8-2-build-windows-amd64-cygwin\jdk8u65\4987\hotspot\src\share\vm\prims\methodHandles.cpp, line 1146]
Event: 0.202 Thread 0x0000000002497800 Exception <a 'java/lang/NoSuchFieldError': method resolution failed> (0x000000076b70ae88) thrown at [C:\workspace\8-2-build-windows-amd64-cygwin\jdk8u65\4987\hotspot\src\share\vm\prims\methodHandles.cpp, line 1146]
Event: 0.232 Thread 0x0000000002497800 Exception <a 'java/io/FileNotFoundException'> (0x000000076b7a27f0) thrown at [C:\workspace\8-2-build-windows-amd64-cygwin\jdk8u65\4987\hotspot\src\share\vm\prims\jni.cpp, line 709]
Event: 0.586 Thread 0x0000000002497800 Exception <a 'java/io/FileNotFoundException'> (0x000000076bede8e8) thrown at [C:\workspace\8-2-build-windows-amd64-cygwin\jdk8u65\4987\hotspot\src\share\vm\prims\jni.cpp, line 709]
Event: 1.577 Thread 0x0000000002497800 Exception <a 'java/lang/InterruptedException'> (0x000000076c855c58) thrown at [C:\workspace\8-2-build-windows-amd64-cygwin\jdk8u65\4987\hotspot\src\share\vm\runtime\objectMonitor.cpp, line 1683]
Event: 1.599 Thread 0x0000000002497800 Exception <a 'java/lang/reflect/InvocationTargetException'> (0x000000076c91c718) thrown at [C:\workspace\8-2-build-windows-amd64-cygwin\jdk8u65\4987\hotspot\src\share\vm\runtime\reflection.cpp, line 1092]

Events (10 events):
Event: 5.479 Thread 0x000000001e044000 DEOPT PACKING pc=0x0000000002b63764 sp=0x00000000258cdad0
Event: 5.479 Thread 0x000000001e044000 DEOPT UNPACKING pc=0x00000000025d582a sp=0x00000000258cdb38 mode 2
Event: 5.614 Thread 0x000000001e044000 DEOPT PACKING pc=0x0000000002b3ec11 sp=0x00000000258cd190
Event: 5.614 Thread 0x000000001e044000 DEOPT UNPACKING pc=0x00000000025d787f sp=0x00000000258ccfb0 mode 0
Event: 5.662 Thread 0x000000001e044000 DEOPT PACKING pc=0x0000000002b3ec11 sp=0x00000000258cd190
Event: 5.662 Thread 0x000000001e044000 DEOPT UNPACKING pc=0x00000000025d787f sp=0x00000000258ccfb0 mode 0
Event: 5.684 loading class com/jogamp/opengl/math/FloatUtil
Event: 5.684 loading class com/jogamp/opengl/math/FloatUtil done
Event: 5.689 loading class com/jogamp/opengl/math/VectorUtil
Event: 5.689 loading class com/jogamp/opengl/math/VectorUtil done


Dynamic libraries:
0x00007ff710770000 - 0x00007ff7107a7000 	C:\Program Files\Java\jdk1.8.0_65\bin\java.exe
0x00007ffc51450000 - 0x00007ffc51611000 	C:\Windows\SYSTEM32\ntdll.dll
0x00007ffc50010000 - 0x00007ffc500bd000 	C:\Windows\system32\KERNEL32.DLL
0x00007ffc4db60000 - 0x00007ffc4dd48000 	C:\Windows\system32\KERNELBASE.dll
0x00007ffc4ff40000 - 0x00007ffc4ffe7000 	C:\Windows\system32\ADVAPI32.dll
0x00007ffc50170000 - 0x00007ffc5020d000 	C:\Windows\system32\msvcrt.dll
0x00007ffc50850000 - 0x00007ffc508ab000 	C:\Windows\system32\sechost.dll
0x00007ffc50fd0000 - 0x00007ffc510ec000 	C:\Windows\system32\RPCRT4.dll
0x00007ffc508b0000 - 0x00007ffc50a06000 	C:\Windows\system32\USER32.dll
0x00007ffc4fdb0000 - 0x00007ffc4ff36000 	C:\Windows\system32\GDI32.dll
0x00007ffc41c50000 - 0x00007ffc41ec4000 	C:\Windows\WinSxS\amd64_microsoft.windows.common-controls_6595b64144ccf1df_6.0.10586.0_none_8c15ae12515e1c22\COMCTL32.dll
0x00007ffc51150000 - 0x00007ffc513cd000 	C:\Windows\system32\combase.dll
0x00007ffc4dd70000 - 0x00007ffc4ddda000 	C:\Windows\system32\bcryptPrimitives.dll
0x00007ffc50130000 - 0x00007ffc5016b000 	C:\Windows\system32\IMM32.DLL
0x0000000059670000 - 0x0000000059742000 	C:\Program Files\Java\jdk1.8.0_65\jre\bin\msvcr100.dll
0x0000000058de0000 - 0x0000000059669000 	C:\Program Files\Java\jdk1.8.0_65\jre\bin\server\jvm.dll
0x00007ffc50e10000 - 0x00007ffc50e18000 	C:\Windows\system32\PSAPI.DLL
0x00007ffc4a9e0000 - 0x00007ffc4a9e9000 	C:\Windows\SYSTEM32\WSOCK32.dll
0x00007ffc500c0000 - 0x00007ffc5012b000 	C:\Windows\system32\WS2_32.dll
0x00007ffc4bcf0000 - 0x00007ffc4bd13000 	C:\Windows\SYSTEM32\WINMM.dll
0x00007ffc49c20000 - 0x00007ffc49c2a000 	C:\Windows\SYSTEM32\VERSION.dll
0x00007ffc4bc90000 - 0x00007ffc4bcbc000 	C:\Windows\SYSTEM32\WINMMBASE.dll
0x00007ffc4dea0000 - 0x00007ffc4dee3000 	C:\Windows\system32\cfgmgr32.dll
0x0000000058dd0000 - 0x0000000058ddf000 	C:\Program Files\Java\jdk1.8.0_65\jre\bin\verify.dll
0x0000000058da0000 - 0x0000000058dc9000 	C:\Program Files\Java\jdk1.8.0_65\jre\bin\java.dll
0x0000000058d80000 - 0x0000000058d96000 	C:\Program Files\Java\jdk1.8.0_65\jre\bin\zip.dll
0x00007ffc4e850000 - 0x00007ffc4fdaf000 	C:\Windows\system32\SHELL32.dll
0x00007ffc4def0000 - 0x00007ffc4e534000 	C:\Windows\system32\windows.storage.dll
0x00007ffc507f0000 - 0x00007ffc50842000 	C:\Windows\system32\shlwapi.dll
0x00007ffc4daf0000 - 0x00007ffc4daff000 	C:\Windows\system32\kernel.appcore.dll
0x00007ffc4dde0000 - 0x00007ffc4de95000 	C:\Windows\system32\shcore.dll
0x00007ffc4daa0000 - 0x00007ffc4daeb000 	C:\Windows\system32\powrprof.dll
0x00007ffc4da80000 - 0x00007ffc4da94000 	C:\Windows\system32\profapi.dll
0x00007ffc480c0000 - 0x00007ffc480d0000 	C:\Users\rodge\IntelliJ IDEA Community Edition 15.0.2\bin\breakgen64.dll
0x0000000058d60000 - 0x0000000058d7a000 	C:\Program Files\Java\jdk1.8.0_65\jre\bin\net.dll
0x00007ffc4d3a0000 - 0x00007ffc4d3fc000 	C:\Windows\system32\mswsock.dll
0x0000000058bc0000 - 0x0000000058d58000 	C:\Program Files\Java\jdk1.8.0_65\jre\bin\awt.dll
0x00007ffc50b20000 - 0x00007ffc50be1000 	C:\Windows\system32\OLEAUT32.dll
0x00007ffc4c260000 - 0x00007ffc4c2d9000 	C:\Windows\system32\apphelp.dll
0x00007ffc4ba20000 - 0x00007ffc4ba42000 	C:\Windows\system32\DWMAPI.DLL
0x00007ffc4c3f0000 - 0x00007ffc4c486000 	C:\Windows\system32\uxtheme.dll
0x00007ffc50ca0000 - 0x00007ffc50dfa000 	C:\Windows\system32\MSCTF.dll
0x00007ffc50e80000 - 0x00007ffc50fc3000 	C:\Windows\system32\ole32.dll
0x00007ffc29180000 - 0x00007ffc29390000 	C:\Windows\system32\d3d9.dll
0x00007ffc49c30000 - 0x00007ffc49d97000 	C:\Windows\SYSTEM32\aticfx64.dll
0x00007ffc29150000 - 0x00007ffc29171000 	C:\Windows\SYSTEM32\atiu9p64.dll
0x00007ffc288f0000 - 0x00007ffc29149000 	C:\Windows\SYSTEM32\atiumd64.dll
0x0000000059a80000 - 0x000000005a308000 	C:\Windows\SYSTEM32\atiumd6a.dll
0x0000000058b70000 - 0x0000000058bb7000 	C:\Program Files\Java\jdk1.8.0_65\jre\bin\fontmanager.dll
0x00007ffc4d450000 - 0x00007ffc4d467000 	C:\Windows\SYSTEM32\CRYPTSP.dll
0x00007ffc4d0e0000 - 0x00007ffc4d114000 	C:\Windows\system32\rsaenh.dll
0x00007ffc4d670000 - 0x00007ffc4d699000 	C:\Windows\SYSTEM32\bcrypt.dll
0x00007ffc4d230000 - 0x00007ffc4d24f000 	C:\Windows\SYSTEM32\USERENV.dll
0x00007ffc4d570000 - 0x00007ffc4d57b000 	C:\Windows\SYSTEM32\CRYPTBASE.dll
0x00007ffc48e90000 - 0x00007ffc48ec8000 	C:\Windows\SYSTEM32\IPHLPAPI.DLL
0x00007ffc50e00000 - 0x00007ffc50e08000 	C:\Windows\system32\NSI.dll
0x00007ffc48dd0000 - 0x00007ffc48de6000 	C:\Windows\SYSTEM32\dhcpcsvc6.DLL
0x00007ffc48da0000 - 0x00007ffc48dba000 	C:\Windows\SYSTEM32\dhcpcsvc.DLL
0x0000000058b50000 - 0x0000000058b61000 	C:\Program Files\Java\jdk1.8.0_65\jre\bin\nio.dll
0x00000000637c0000 - 0x00000000637cd000 	C:\Users\rodge\AppData\Local\Temp\jogamp_0000\file_cache\jln3873902865774393407\jln7885596697676377597\gluegen-rt.dll
0x0000000058b40000 - 0x0000000058b47000 	C:\Program Files\Java\jdk1.8.0_65\jre\bin\jawt.dll
0x000000006a440000 - 0x000000006a44d000 	C:\Users\rodge\AppData\Local\Temp\jogamp_0000\file_cache\jln3873902865774393407\jln7885596697676377597\nativewindow_awt.dll
0x000000006c100000 - 0x000000006c10f000 	C:\Users\rodge\AppData\Local\Temp\jogamp_0000\file_cache\jln3873902865774393407\jln7885596697676377597\nativewindow_win32.dll
0x00007ffc379c0000 - 0x00007ffc37ae9000 	C:\Windows\SYSTEM32\OpenGL32.dll
0x00007ffc3ba00000 - 0x00007ffc3ba2e000 	C:\Windows\SYSTEM32\GLU32.dll
0x00007ffc378c0000 - 0x00007ffc379ba000 	C:\Windows\SYSTEM32\DDRAW.dll
0x00007ffc46a60000 - 0x00007ffc46a68000 	C:\Windows\SYSTEM32\DCIMAN32.dll
0x0000000064500000 - 0x00000000645ae000 	C:\Users\rodge\AppData\Local\Temp\jogamp_0000\file_cache\jln3873902865774393407\jln7885596697676377597\jogl_desktop.dll
0x0000000064340000 - 0x00000000643a0000 	C:\Users\rodge\AppData\Local\Temp\jogamp_0000\file_cache\jln3873902865774393407\jln7885596697676377597\jogl_mobile.dll
0x00007ffc3b9e0000 - 0x00007ffc3b9f8000 	C:\Windows\SYSTEM32\atig6pxx.dll
0x0000000056d40000 - 0x0000000058b40000 	C:\Windows\SYSTEM32\atio6axx.dll
0x00007ffc503c0000 - 0x00007ffc507e9000 	C:\Windows\system32\SETUPAPI.dll
0x00007ffc303b0000 - 0x00007ffc304f1000 	C:\Windows\SYSTEM32\atiadlxx.dll
0x00007ffc4ba70000 - 0x00007ffc4bbf6000 	C:\Windows\SYSTEM32\PROPSYS.dll
0x00007ffc4b750000 - 0x00007ffc4b763000 	C:\Windows\SYSTEM32\WTSAPI32.dll
0x00007ffc4c540000 - 0x00007ffc4c567000 	C:\Windows\SYSTEM32\DEVOBJ.dll
0x00007ffc4db00000 - 0x00007ffc4db55000 	C:\Windows\system32\WINTRUST.dll
0x00007ffc4da70000 - 0x00007ffc4da80000 	C:\Windows\system32\MSASN1.dll
0x00007ffc4e540000 - 0x00007ffc4e707000 	C:\Windows\system32\CRYPT32.dll
0x00007ffc3b9b0000 - 0x00007ffc3b9dc000 	C:\Windows\SYSTEM32\atig6txx.dll
0x00007ffc371d0000 - 0x00007ffc3735c000 	C:\Windows\SYSTEM32\dbghelp.dll

VM Arguments:
jvm_args: -Didea.launcher.port=7540 -Didea.launcher.bin.path=C:\Users\rodge\IntelliJ IDEA Community Edition 15.0.2\bin -Dfile.encoding=UTF-8 
java_command: com.intellij.rt.execution.application.AppMain Main
java_class_path (initial): C:\Program Files\Java\jdk1.8.0_65\jre\lib\charsets.jar;C:\Program Files\Java\jdk1.8.0_65\jre\lib\deploy.jar;C:\Program Files\Java\jdk1.8.0_65\jre\lib\ext\access-bridge-64.jar;C:\Program Files\Java\jdk1.8.0_65\jre\lib\ext\cldrdata.jar;C:\Program Files\Java\jdk1.8.0_65\jre\lib\ext\dnsns.jar;C:\Program Files\Java\jdk1.8.0_65\jre\lib\ext\jaccess.jar;C:\Program Files\Java\jdk1.8.0_65\jre\lib\ext\jfxrt.jar;C:\Program Files\Java\jdk1.8.0_65\jre\lib\ext\localedata.jar;C:\Program Files\Java\jdk1.8.0_65\jre\lib\ext\nashorn.jar;C:\Program Files\Java\jdk1.8.0_65\jre\lib\ext\sunec.jar;C:\Program Files\Java\jdk1.8.0_65\jre\lib\ext\sunjce_provider.jar;C:\Program Files\Java\jdk1.8.0_65\jre\lib\ext\sunmscapi.jar;C:\Program Files\Java\jdk1.8.0_65\jre\lib\ext\sunpkcs11.jar;C:\Program Files\Java\jdk1.8.0_65\jre\lib\ext\zipfs.jar;C:\Program Files\Java\jdk1.8.0_65\jre\lib\javaws.jar;C:\Program Files\Java\jdk1.8.0_65\jre\lib\jce.jar;C:\Program Files\Java\jdk1.8.0_65\jre\lib\jfr.jar;C:\Program Files\Java\jdk1.8.0_65\jre\lib\jfxswt.jar;C:\Program Files\Java\jdk1.8.0_65\jre\lib\jsse.jar;C:\Program Files\Java\jdk1.8.0_65\jre\lib\management-agent.jar;C:\Program Files\Java\jdk1.8.0_65\jre\lib\plugin.jar;C:\Program Files\Java\jdk1.8.0_65\jre\lib\resources.jar;C:\Program Files\Java\jdk1.8.0_65\jre\lib\rt.jar;C:\Users\rodge\OneDrive\Documents\SpaceRacer\out\production\SpaceRacer;C:\Users\rodge\OneDrive\Documents\Libraries\jogamp-all-platforms\jar\joal.jar;C:\Users\rodge\OneDrive\Documents\Libraries\jogamp-all-platforms\jar\jocl.jar;C:\Users\rodge\OneDrive\Documents\Libraries\jogamp-all-platforms\jar\gluegen.jar;C:\Users\rodge\OneDrive\Documents\Libraries\jogamp-all-platforms\jar\jogl-all.jar;C:\Users\rodge\OneDrive\Documents\Libraries\jogamp-all-platforms\jar\joal-test.jar;C:\Users\rodge\OneDrive\Documents\Libraries\jogamp-all-platforms\jar\jocl-test.jar;C:\Users\rodge\OneDrive\Documents\Libraries\jogamp-all-platforms\jar\jogl-test.jar;C:\Users\rodge\OneDrive\Documents
Launcher Type: SUN_STANDARD

Environment Variables:
PATH=C:\Program Files (x86)\Google\Chrome\Application;C:\ProgramData\Oracle\Java\javapath;C:\Windows\system32;C:\Windows;C:\Windows\System32\Wbem;C:\Windows\System32\WindowsPowerShell\v1.0\;C:\Program Files (x86)\ATI Technologies\ATI.ACE\Core-Static;C:\Program Files (x86)\Skype\Phone\;C:\Windows\system32;C:\Windows;C:\Windows\System32\Wbem;C:\Windows\System32\WindowsPowerShell\v1.0\;C:\Program Files (x86)\ATI Technologies\ATI.ACE\Core-Static
USERNAME=rodge
OS=Windows_NT
PROCESSOR_IDENTIFIER=Intel64 Family 6 Model 58 Stepping 9, GenuineIntel



---------------  S Y S T E M  ---------------

OS: Windows 10.0 , 64 bit Build 10586 (10.0.10586.0)

CPU:total 4 (4 cores per cpu, 1 threads per core) family 6 model 58 stepping 9, cmov, cx8, fxsr, mmx, sse, sse2, sse3, ssse3, sse4.1, sse4.2, popcnt, avx, aes, clmul, erms, tsc, tscinvbit, tscinv

Memory: 4k page, physical 16719488k(9949676k free), swap 19734144k(9846332k free)

vm_info: Java HotSpot(TM) 64-Bit Server VM (25.65-b01) for windows-amd64 JRE (1.8.0_65-b17), built on Oct  6 2015 16:39:20 by "java_re" with MS VC++ 10.0 (VS2010)

time: Wed Dec 16 15:53:25 2015
elapsed time: 5 seconds (0d 0h 0m 5s)

