#
# A fatal error has been detected by the Java Runtime Environment:
#
#  EXCEPTION_ACCESS_VIOLATION (0xc0000005) at pc=0x00000000578b9b10, pid=4400, tid=7152
#
# JRE version: Java(TM) SE Runtime Environment (8.0_65-b17) (build 1.8.0_65-b17)
# Java VM: Java HotSpot(TM) 64-Bit Server VM (25.65-b01 mixed mode windows-amd64 compressed oops)
# Problematic frame:
# C  [atio6axx.dll+0xb79b10]
#
# Failed to write core dump. Minidumps are not enabled by default on client versions of Windows
#
# If you would like to submit a bug report, please visit:
#   http://bugreport.java.com/bugreport/crash.jsp
# The crash happened outside the Java Virtual Machine in native code.
# See problematic frame for where to report the bug.
#

---------------  T H R E A D  ---------------

Current thread (0x000000001e17a800):  JavaThread "AWT-EventQueue-0" [_thread_in_native, id=7152, stack(0x00000000259a0000,0x0000000025aa0000)]

siginfo: ExceptionCode=0xc0000005, reading address 0x000000001f41f000

Registers:
RAX=0x00000000ff000000, RBX=0x0000000025a9dd50, RCX=0x00000000ff000000, RDX=0x000000003eb81730
RSP=0x0000000025a9dbd0, RBP=0x0000000025a9dca9, RSI=0x000000001f41f000, RDI=0x00000000000004d8
R8 =0x0000000000000136, R9 =0x00000000000002f8, R10=0x0000000000000000, R11=0x0000000000000001
R12=0x00000000000002fa, R13=0x0000000000000001, R14=0x00000000000004dc, R15=0x0000000000000000
RIP=0x00000000578b9b10, EFLAGS=0x0000000000010206

Top of Stack: (sp=0x0000000025a9dbd0)
0x0000000025a9dbd0:   0000000025a9dd50 0000000025a9dca9
0x0000000025a9dbe0:   000000001f41d2cc 000000002df70000
0x0000000025a9dbf0:   000000000000000b 0000000000000000
0x0000000025a9dc00:   00000000000004dc 00000000000002fa
0x0000000025a9dc10:   00000000ffffffff 0000000700000000
0x0000000025a9dc20:   000000000001fd00 000000001f41d2cc
0x0000000025a9dc30:   0000000000000005 0000000000000009
0x0000000025a9dc40:   000000070000000b 0000000000000924
0x0000000025a9dc50:   000000005886dd94 0000000000000001
0x0000000025a9dc60:   000000000001fd20 0000000200000001
0x0000000025a9dc70:   0000000000000090 0000000058e4d621
0x0000000025a9dc80:   000000003f4ccccd 0000000000000000
0x0000000025a9dc90:   000000009508811c 000000002a15b8c0
0x0000000025a9dca0:   00000000000000f3 0000000000001bf0
0x0000000025a9dcb0:   000000002df80088 000000002a38f680
0x0000000025a9dcc0:   0000000000000094 0000000000000001 

Instructions: (pc=0x00000000578b9b10)
0x00000000578b9af0:   41 8b fe 41 83 fe 03 76 69 45 8d 46 fc 41 c1 e8
0x00000000578b9b00:   02 41 ff c0 66 66 66 66 0f 1f 84 00 00 00 00 00
0x00000000578b9b10:   8b 06 48 83 c2 10 48 83 c6 0c 0d 00 00 00 ff 83
0x00000000578b9b20:   c7 fc 89 42 f0 0f b6 46 f7 8b 4e f8 81 c9 00 00 


Register to memory mapping:

RAX=0x00000000ff000000 is an unknown value
RBX=0x0000000025a9dd50 is pointing into the stack for thread: 0x000000001e17a800
RCX=0x00000000ff000000 is an unknown value
RDX=0x000000003eb81730 is an unknown value
RSP=0x0000000025a9dbd0 is pointing into the stack for thread: 0x000000001e17a800
RBP=0x0000000025a9dca9 is pointing into the stack for thread: 0x000000001e17a800
RSI=0x000000001f41f000 is an unknown value
RDI=0x00000000000004d8 is an unknown value
R8 =0x0000000000000136 is an unknown value
R9 =0x00000000000002f8 is an unknown value
R10=0x0000000000000000 is an unknown value
R11=0x0000000000000001 is an unknown value
R12=0x00000000000002fa is an unknown value
R13=0x0000000000000001 is an unknown value
R14=0x00000000000004dc is an unknown value
R15=0x0000000000000000 is an unknown value


Stack: [0x00000000259a0000,0x0000000025aa0000],  sp=0x0000000025a9dbd0,  free space=1014k
Native frames: (J=compiled Java code, j=interpreted, Vv=VM code, C=native code)
C  [atio6axx.dll+0xb79b10]
C  [atio6axx.dll+0xb0cfed]
C  [atio6axx.dll+0x21e19b]
C  [atio6axx.dll+0x2cff15]
C  [atio6axx.dll+0x779828]
C  0x0000000002685e34

Java frames: (J=compiled Java code, j=interpreted, Vv=VM code)
j  jogamp.opengl.gl4.GL4bcImpl.dispatch_glCallList1(IJ)V+0
j  jogamp.opengl.gl4.GL4bcImpl.glCallList(I)V+40
j  JOGL.JOGLObject.draw(Lcom/jogamp/opengl/GL2;)V+92
j  JOGL.JoglEventListener.display(Lcom/jogamp/opengl/GLAutoDrawable;)V+471
j  jogamp.opengl.GLDrawableHelper.displayImpl(Lcom/jogamp/opengl/GLAutoDrawable;)V+81
j  jogamp.opengl.GLDrawableHelper.display(Lcom/jogamp/opengl/GLAutoDrawable;)V+2
j  com.jogamp.opengl.awt.GLCanvas$11.run()V+118
j  jogamp.opengl.GLDrawableHelper.invokeGLImpl(Lcom/jogamp/opengl/GLDrawable;Lcom/jogamp/opengl/GLContext;Ljava/lang/Runnable;Ljava/lang/Runnable;)V+203
j  jogamp.opengl.GLDrawableHelper.invokeGL(Lcom/jogamp/opengl/GLDrawable;Lcom/jogamp/opengl/GLContext;Ljava/lang/Runnable;Ljava/lang/Runnable;)V+72
j  com.jogamp.opengl.awt.GLCanvas$12.run()V+104
j  java.awt.event.InvocationEvent.dispatch()V+11
j  java.awt.EventQueue.dispatchEventImpl(Ljava/awt/AWTEvent;Ljava/lang/Object;)V+21
j  java.awt.EventQueue.access$500(Ljava/awt/EventQueue;Ljava/awt/AWTEvent;Ljava/lang/Object;)V+3
j  java.awt.EventQueue$3.run()Ljava/lang/Void;+32
j  java.awt.EventQueue$3.run()Ljava/lang/Object;+1
v  ~StubRoutines::call_stub
j  java.security.AccessController.doPrivileged(Ljava/security/PrivilegedAction;Ljava/security/AccessControlContext;)Ljava/lang/Object;+0
j  java.security.ProtectionDomain$JavaSecurityAccessImpl.doIntersectionPrivilege(Ljava/security/PrivilegedAction;Ljava/security/AccessControlContext;Ljava/security/AccessControlContext;)Ljava/lang/Object;+18
j  java.awt.EventQueue.dispatchEvent(Ljava/awt/AWTEvent;)V+46
j  java.awt.EventDispatchThread.pumpOneEventForFilters(I)V+245
j  java.awt.EventDispatchThread.pumpEventsForFilter(ILjava/awt/Conditional;Ljava/awt/EventFilter;)V+35
j  java.awt.EventDispatchThread.pumpEventsForHierarchy(ILjava/awt/Conditional;Ljava/awt/Component;)V+11
j  java.awt.EventDispatchThread.pumpEvents(ILjava/awt/Conditional;)V+4
j  java.awt.EventDispatchThread.pumpEvents(Ljava/awt/Conditional;)V+3
j  java.awt.EventDispatchThread.run()V+9
v  ~StubRoutines::call_stub

---------------  P R O C E S S  ---------------

Java Threads: ( => current thread )
  0x0000000002577800 JavaThread "DestroyJavaVM" [_thread_blocked, id=6624, stack(0x0000000002470000,0x0000000002570000)]
  0x0000000026cf6000 JavaThread "main-AWTAnimator#00" [_thread_blocked, id=6108, stack(0x000000002dba0000,0x000000002dca0000)]
  0x0000000026b1c000 JavaThread "main-SharedResourceRunner" daemon [_thread_blocked, id=4428, stack(0x0000000027cb0000,0x0000000027db0000)]
  0x000000001e1d3000 JavaThread "D3D Screen Updater" daemon [_thread_blocked, id=2776, stack(0x0000000025aa0000,0x0000000025ba0000)]
=>0x000000001e17a800 JavaThread "AWT-EventQueue-0" [_thread_in_native, id=7152, stack(0x00000000259a0000,0x0000000025aa0000)]
  0x000000001e102000 JavaThread "AWT-Windows" daemon [_thread_in_native, id=5304, stack(0x000000001e910000,0x000000001ea10000)]
  0x000000001e100800 JavaThread "AWT-Shutdown" [_thread_blocked, id=8336, stack(0x000000001e810000,0x000000001e910000)]
  0x000000001e0ff800 JavaThread "Java2D Disposer" daemon [_thread_blocked, id=3912, stack(0x000000001e710000,0x000000001e810000)]
  0x000000001dec4000 JavaThread "Monitor Ctrl-Break" daemon [_thread_in_native, id=4196, stack(0x000000001e490000,0x000000001e590000)]
  0x000000001d4fc000 JavaThread "Service Thread" daemon [_thread_blocked, id=784, stack(0x000000001d9f0000,0x000000001daf0000)]
  0x000000001d4f8800 JavaThread "C1 CompilerThread2" daemon [_thread_blocked, id=8888, stack(0x000000001d8f0000,0x000000001d9f0000)]
  0x000000001bcc6800 JavaThread "C2 CompilerThread1" daemon [_thread_blocked, id=6652, stack(0x000000001d3f0000,0x000000001d4f0000)]
  0x000000001bcc4000 JavaThread "C2 CompilerThread0" daemon [_thread_blocked, id=9304, stack(0x000000001d2f0000,0x000000001d3f0000)]
  0x000000001bcc2800 JavaThread "Attach Listener" daemon [_thread_blocked, id=1500, stack(0x000000001d1f0000,0x000000001d2f0000)]
  0x000000001bcc1000 JavaThread "Signal Dispatcher" daemon [_thread_blocked, id=8952, stack(0x000000001d0f0000,0x000000001d1f0000)]
  0x0000000002667800 JavaThread "Finalizer" daemon [_thread_blocked, id=10220, stack(0x000000001cf10000,0x000000001d010000)]
  0x0000000002664000 JavaThread "Reference Handler" daemon [_thread_blocked, id=1756, stack(0x000000001ce10000,0x000000001cf10000)]

Other Threads:
  0x000000001bc88000 VMThread [stack: 0x000000001cd10000,0x000000001ce10000] [id=5776]
  0x000000001d5b0800 WatcherThread [stack: 0x000000001daf0000,0x000000001dbf0000] [id=8280]

VM state:not at safepoint (normal execution)

VM Mutex/Monitor currently owned by a thread: None

Heap:
 PSYoungGen      total 531968K, used 320991K [0x000000076af80000, 0x000000078c180000, 0x00000007c0000000)
  eden space 521216K, 60% used [0x000000076af80000,0x000000077e24ec40,0x000000078ac80000)
  from space 10752K, 63% used [0x000000078b700000,0x000000078bda9148,0x000000078c180000)
  to   space 10752K, 0% used [0x000000078ac80000,0x000000078ac80000,0x000000078b700000)
 ParOldGen       total 175104K, used 7266K [0x00000006c0e00000, 0x00000006cb900000, 0x000000076af80000)
  object space 175104K, 4% used [0x00000006c0e00000,0x00000006c1518bc0,0x00000006cb900000)
 Metaspace       used 16172K, capacity 16376K, committed 16640K, reserved 1064960K
  class space    used 1660K, capacity 1762K, committed 1792K, reserved 1048576K

Card table byte_map: [0x0000000011a30000,0x0000000012230000] byte_map_base: 0x000000000e429000

Marking Bits: (ParMarkBitMap*) 0x00000000595ea5b0
 Begin Bits: [0x0000000012b90000, 0x0000000016b58000)
 End Bits:   [0x0000000016b58000, 0x000000001ab20000)

Polling page: 0x00000000004c0000

CodeCache: size=245760Kb used=5940Kb max_used=5945Kb free=239819Kb
 bounds [0x0000000002670000, 0x0000000002c50000, 0x0000000011670000]
 total_blobs=2016 nmethods=1168 adapters=761
 compilation: enabled

Compilation events (10 events):
Event: 5.232 Thread 0x000000001d4f8800 1163       1       sun.java2d.SurfaceData::isValid (5 bytes)
Event: 5.232 Thread 0x000000001d4f8800 nmethod 1163 0x0000000002bcfb10 code [0x0000000002bcfc60, 0x0000000002bcfd70]
Event: 5.321 Thread 0x000000001bcc6800 1164 % !   4       jogamp.opengl.util.jpeg.JPEGDecoder$Decoder::decodeScan @ 421 (806 bytes)
Event: 5.332 Thread 0x000000001bcc6800 nmethod 1164% 0x0000000002c19ad0 code [0x0000000002c19ce0, 0x0000000002c1a910]
Event: 5.511 Thread 0x000000001d4f8800 1165 % !   3       Utils.ModelLoader::loadOBJModel @ 543 (821 bytes)
Event: 5.518 Thread 0x000000001d4f8800 nmethod 1165% 0x0000000002c30310 code [0x0000000002c310e0, 0x0000000002c3b398]
Event: 5.525 Thread 0x000000001bcc4000 1166   !   4       jogamp.opengl.util.jpeg.JPEGDecoder$Decoder::decodeScan (806 bytes)
Event: 5.537 Thread 0x000000001bcc4000 nmethod 1166 0x0000000002c17bd0 code [0x0000000002c17e00, 0x0000000002c18cb0]
Event: 5.574 Thread 0x000000001bcc6800 1167       4       java.util.ArrayList::<init> (12 bytes)
Event: 5.574 Thread 0x000000001bcc6800 nmethod 1167 0x0000000002a30d90 code [0x0000000002a30ec0, 0x0000000002a30f38]

GC Heap History (10 events):
Event: 4.250 GC heap before
{Heap before GC invocations=4 (full 0):
 PSYoungGen      total 76288K, used 71365K [0x000000076af80000, 0x0000000774480000, 0x00000007c0000000)
  eden space 65536K, 100% used [0x000000076af80000,0x000000076ef80000,0x000000076ef80000)
  from space 10752K, 54% used [0x000000076ef80000,0x000000076f5315a0,0x000000076fa00000)
  to   space 10752K, 0% used [0x0000000773a00000,0x0000000773a00000,0x0000000774480000)
 ParOldGen       total 175104K, used 32K [0x00000006c0e00000, 0x00000006cb900000, 0x000000076af80000)
  object space 175104K, 0% used [0x00000006c0e00000,0x00000006c0e08000,0x00000006cb900000)
 Metaspace       used 15947K, capacity 16152K, committed 16384K, reserved 1064960K
  class space    used 1643K, capacity 1730K, committed 1792K, reserved 1048576K
Event: 4.255 GC heap after
Heap after GC invocations=4 (full 0):
 PSYoungGen      total 141824K, used 6685K [0x000000076af80000, 0x0000000774480000, 0x00000007c0000000)
  eden space 131072K, 0% used [0x000000076af80000,0x000000076af80000,0x0000000772f80000)
  from space 10752K, 62% used [0x0000000773a00000,0x00000007740876b8,0x0000000774480000)
  to   space 10752K, 0% used [0x0000000772f80000,0x0000000772f80000,0x0000000773a00000)
 ParOldGen       total 175104K, used 40K [0x00000006c0e00000, 0x00000006cb900000, 0x000000076af80000)
  object space 175104K, 0% used [0x00000006c0e00000,0x00000006c0e0a000,0x00000006cb900000)
 Metaspace       used 15947K, capacity 16152K, committed 16384K, reserved 1064960K
  class space    used 1643K, capacity 1730K, committed 1792K, reserved 1048576K
}
Event: 4.346 GC heap before
{Heap before GC invocations=5 (full 0):
 PSYoungGen      total 141824K, used 137757K [0x000000076af80000, 0x0000000774480000, 0x00000007c0000000)
  eden space 131072K, 100% used [0x000000076af80000,0x0000000772f80000,0x0000000772f80000)
  from space 10752K, 62% used [0x0000000773a00000,0x00000007740876b8,0x0000000774480000)
  to   space 10752K, 0% used [0x0000000772f80000,0x0000000772f80000,0x0000000773a00000)
 ParOldGen       total 175104K, used 40K [0x00000006c0e00000, 0x00000006cb900000, 0x000000076af80000)
  object space 175104K, 0% used [0x00000006c0e00000,0x00000006c0e0a000,0x00000006cb900000)
 Metaspace       used 15952K, capacity 16152K, committed 16384K, reserved 1064960K
  class space    used 1643K, capacity 1730K, committed 1792K, reserved 1048576K
Event: 4.352 GC heap after
Heap after GC invocations=5 (full 0):
 PSYoungGen      total 141824K, used 8570K [0x000000076af80000, 0x000000077c180000, 0x00000007c0000000)
  eden space 131072K, 0% used [0x000000076af80000,0x000000076af80000,0x0000000772f80000)
  from space 10752K, 79% used [0x0000000772f80000,0x00000007737de818,0x0000000773a00000)
  to   space 9216K, 0% used [0x000000077b880000,0x000000077b880000,0x000000077c180000)
 ParOldGen       total 175104K, used 48K [0x00000006c0e00000, 0x00000006cb900000, 0x000000076af80000)
  object space 175104K, 0% used [0x00000006c0e00000,0x00000006c0e0c000,0x00000006cb900000)
 Metaspace       used 15952K, capacity 16152K, committed 16384K, reserved 1064960K
  class space    used 1643K, capacity 1730K, committed 1792K, reserved 1048576K
}
Event: 4.423 GC heap before
{Heap before GC invocations=6 (full 0):
 PSYoungGen      total 141824K, used 139642K [0x000000076af80000, 0x000000077c180000, 0x00000007c0000000)
  eden space 131072K, 100% used [0x000000076af80000,0x0000000772f80000,0x0000000772f80000)
  from space 10752K, 79% used [0x0000000772f80000,0x00000007737de818,0x0000000773a00000)
  to   space 9216K, 0% used [0x000000077b880000,0x000000077b880000,0x000000077c180000)
 ParOldGen       total 175104K, used 48K [0x00000006c0e00000, 0x00000006cb900000, 0x000000076af80000)
  object space 175104K, 0% used [0x00000006c0e00000,0x00000006c0e0c000,0x00000006cb900000)
 Metaspace       used 15952K, capacity 16152K, committed 16384K, reserved 1064960K
  class space    used 1643K, capacity 1730K, committed 1792K, reserved 1048576K
Event: 4.431 GC heap after
Heap after GC invocations=6 (full 0):
 PSYoungGen      total 269824K, used 9202K [0x000000076af80000, 0x000000077c480000, 0x00000007c0000000)
  eden space 260608K, 0% used [0x000000076af80000,0x000000076af80000,0x000000077ae00000)
  from space 9216K, 99% used [0x000000077b880000,0x000000077c17c810,0x000000077c180000)
  to   space 10752K, 0% used [0x000000077ae00000,0x000000077ae00000,0x000000077b880000)
 ParOldGen       total 175104K, used 1320K [0x00000006c0e00000, 0x00000006cb900000, 0x000000076af80000)
  object space 175104K, 0% used [0x00000006c0e00000,0x00000006c0f4a000,0x00000006cb900000)
 Metaspace       used 15952K, capacity 16152K, committed 16384K, reserved 1064960K
  class space    used 1643K, capacity 1730K, committed 1792K, reserved 1048576K
}
Event: 4.632 GC heap before
{Heap before GC invocations=7 (full 0):
 PSYoungGen      total 269824K, used 269810K [0x000000076af80000, 0x000000077c480000, 0x00000007c0000000)
  eden space 260608K, 100% used [0x000000076af80000,0x000000077ae00000,0x000000077ae00000)
  from space 9216K, 99% used [0x000000077b880000,0x000000077c17c810,0x000000077c180000)
  to   space 10752K, 0% used [0x000000077ae00000,0x000000077ae00000,0x000000077b880000)
 ParOldGen       total 175104K, used 1320K [0x00000006c0e00000, 0x00000006cb900000, 0x000000076af80000)
  object space 175104K, 0% used [0x00000006c0e00000,0x00000006c0f4a000,0x00000006cb900000)
 Metaspace       used 15956K, capacity 16152K, committed 16384K, reserved 1064960K
  class space    used 1643K, capacity 1730K, committed 1792K, reserved 1048576K
Event: 4.641 GC heap after
Heap after GC invocations=7 (full 0):
 PSYoungGen      total 271360K, used 8115K [0x000000076af80000, 0x000000078c180000, 0x00000007c0000000)
  eden space 260608K, 0% used [0x000000076af80000,0x000000076af80000,0x000000077ae00000)
  from space 10752K, 75% used [0x000000077ae00000,0x000000077b5ecf48,0x000000077b880000)
  to   space 10752K, 0% used [0x000000078b700000,0x000000078b700000,0x000000078c180000)
 ParOldGen       total 175104K, used 5858K [0x00000006c0e00000, 0x00000006cb900000, 0x000000076af80000)
  object space 175104K, 3% used [0x00000006c0e00000,0x00000006c13b8bc0,0x00000006cb900000)
 Metaspace       used 15956K, capacity 16152K, committed 16384K, reserved 1064960K
  class space    used 1643K, capacity 1730K, committed 1792K, reserved 1048576K
}
Event: 5.097 GC heap before
{Heap before GC invocations=8 (full 0):
 PSYoungGen      total 271360K, used 268723K [0x000000076af80000, 0x000000078c180000, 0x00000007c0000000)
  eden space 260608K, 100% used [0x000000076af80000,0x000000077ae00000,0x000000077ae00000)
  from space 10752K, 75% used [0x000000077ae00000,0x000000077b5ecf48,0x000000077b880000)
  to   space 10752K, 0% used [0x000000078b700000,0x000000078b700000,0x000000078c180000)
 ParOldGen       total 175104K, used 5858K [0x00000006c0e00000, 0x00000006cb900000, 0x000000076af80000)
  object space 175104K, 3% used [0x00000006c0e00000,0x00000006c13b8bc0,0x00000006cb900000)
 Metaspace       used 16121K, capacity 16312K, committed 16640K, reserved 1064960K
  class space    used 1659K, capacity 1762K, committed 1792K, reserved 1048576K
Event: 5.103 GC heap after
Heap after GC invocations=8 (full 0):
 PSYoungGen      total 531968K, used 6820K [0x000000076af80000, 0x000000078c180000, 0x00000007c0000000)
  eden space 521216K, 0% used [0x000000076af80000,0x000000076af80000,0x000000078ac80000)
  from space 10752K, 63% used [0x000000078b700000,0x000000078bda9148,0x000000078c180000)
  to   space 10752K, 0% used [0x000000078ac80000,0x000000078ac80000,0x000000078b700000)
 ParOldGen       total 175104K, used 7266K [0x00000006c0e00000, 0x00000006cb900000, 0x000000076af80000)
  object space 175104K, 4% used [0x00000006c0e00000,0x00000006c1518bc0,0x00000006cb900000)
 Metaspace       used 16121K, capacity 16312K, committed 16640K, reserved 1064960K
  class space    used 1659K, capacity 1762K, committed 1792K, reserved 1048576K
}

Deoptimization events (10 events):
Event: 4.286 Thread 0x000000001e17a800 Uncommon trap: reason=range_check action=make_not_entrant pc=0x0000000002a9dd3c method=Utils.ModelLoader.getVertex(Ljava/lang/String;)Linput/state/Vertex3f; @ 18
Event: 4.287 Thread 0x000000001e17a800 Uncommon trap: reason=unstable_if action=reinterpret pc=0x0000000002af8350 method=Utils.ModelLoader.loadOBJModel(Lcom/jogamp/opengl/GL2;Ljava/io/File;Ljava/io/File;)Ljava/util/ArrayList; @ 625
Event: 4.421 Thread 0x000000001e17a800 Uncommon trap: reason=unstable_if action=reinterpret pc=0x0000000002b1d330 method=Utils.ModelLoader.loadOBJModel(Lcom/jogamp/opengl/GL2;Ljava/io/File;Ljava/io/File;)Ljava/util/ArrayList; @ 645
Event: 4.641 Thread 0x000000001e17a800 Uncommon trap: reason=unstable_if action=reinterpret pc=0x0000000002b3a7d8 method=Utils.ModelLoader.loadOBJModel(Lcom/jogamp/opengl/GL2;Ljava/io/File;Ljava/io/File;)Ljava/util/ArrayList; @ 665
Event: 4.641 Thread 0x000000001e17a800 Uncommon trap: reason=unstable_if action=reinterpret pc=0x000000000293fb94 method=java.io.WinNTFileSystem.normalize(Ljava/lang/String;)Ljava/lang/String; @ 49
Event: 4.720 Thread 0x000000001e17a800 Uncommon trap: reason=unstable_if action=reinterpret pc=0x0000000002b4a804 method=jogamp.opengl.util.jpeg.JPEGDecoder.clampTo8bit(F)B @ 14
Event: 4.753 Thread 0x000000001e17a800 Uncommon trap: reason=unstable_if action=reinterpret pc=0x0000000002ba35f0 method=jogamp.opengl.util.jpeg.JPEGDecoder.getPixel(Ljogamp/opengl/util/jpeg/JPEGDecoder$ColorSink;II)V @ 465
Event: 4.756 Thread 0x000000001e17a800 Uncommon trap: reason=unstable_if action=reinterpret pc=0x0000000002a8ceec method=java.lang.String.split(Ljava/lang/String;I)[Ljava/lang/String; @ 8
Event: 4.820 Thread 0x000000001e17a800 Uncommon trap: reason=unstable_if action=reinterpret pc=0x0000000002bf7dd0 method=jogamp.opengl.util.jpeg.JPEGDecoder$Output.quantizeAndInverse([I[B[I[I)V @ 814
Event: 5.393 Thread 0x000000001e17a800 Uncommon trap: reason=unstable_if action=reinterpret pc=0x0000000002c2ab9c method=java.lang.String.isEmpty()Z @ 5

Internal exceptions (10 events):
Event: 0.202 Thread 0x0000000002577800 Exception <a 'java/security/PrivilegedActionException'> (0x000000076b4e2618) thrown at [C:\workspace\8-2-build-windows-amd64-cygwin\jdk8u65\4987\hotspot\src\share\vm\prims\jvm.cpp, line 1386]
Event: 0.203 Thread 0x0000000002577800 Exception <a 'java/security/PrivilegedActionException'> (0x000000076b4e6460) thrown at [C:\workspace\8-2-build-windows-amd64-cygwin\jdk8u65\4987\hotspot\src\share\vm\prims\jvm.cpp, line 1386]
Event: 0.203 Thread 0x0000000002577800 Exception <a 'java/security/PrivilegedActionException'> (0x000000076b4e6670) thrown at [C:\workspace\8-2-build-windows-amd64-cygwin\jdk8u65\4987\hotspot\src\share\vm\prims\jvm.cpp, line 1386]
Event: 0.209 Thread 0x0000000002577800 Exception <a 'java/io/FileNotFoundException'> (0x000000076b4e8e38) thrown at [C:\workspace\8-2-build-windows-amd64-cygwin\jdk8u65\4987\hotspot\src\share\vm\prims\jni.cpp, line 709]
Event: 0.248 Thread 0x0000000002577800 Exception <a 'java/lang/NoSuchFieldError': method resolution failed> (0x000000076b5b66c0) thrown at [C:\workspace\8-2-build-windows-amd64-cygwin\jdk8u65\4987\hotspot\src\share\vm\prims\methodHandles.cpp, line 1146]
Event: 0.250 Thread 0x0000000002577800 Exception <a 'java/lang/NoSuchFieldError': method resolution failed> (0x000000076b5c3a90) thrown at [C:\workspace\8-2-build-windows-amd64-cygwin\jdk8u65\4987\hotspot\src\share\vm\prims\methodHandles.cpp, line 1146]
Event: 0.286 Thread 0x0000000002577800 Exception <a 'java/io/FileNotFoundException'> (0x000000076b7a2f28) thrown at [C:\workspace\8-2-build-windows-amd64-cygwin\jdk8u65\4987\hotspot\src\share\vm\prims\jni.cpp, line 709]
Event: 0.619 Thread 0x0000000002577800 Exception <a 'java/io/FileNotFoundException'> (0x000000076bd96ac8) thrown at [C:\workspace\8-2-build-windows-amd64-cygwin\jdk8u65\4987\hotspot\src\share\vm\prims\jni.cpp, line 709]
Event: 1.557 Thread 0x0000000002577800 Exception <a 'java/lang/InterruptedException'> (0x000000076c855cd0) thrown at [C:\workspace\8-2-build-windows-amd64-cygwin\jdk8u65\4987\hotspot\src\share\vm\runtime\objectMonitor.cpp, line 1683]
Event: 1.595 Thread 0x0000000002577800 Exception <a 'java/lang/reflect/InvocationTargetException'> (0x000000076c91c790) thrown at [C:\workspace\8-2-build-windows-amd64-cygwin\jdk8u65\4987\hotspot\src\share\vm\runtime\reflection.cpp, line 1092]

Events (10 events):
Event: 5.104 Executing VM operation: RevokeBias done
Event: 5.393 Thread 0x000000001e17a800 Uncommon trap: trap_request=0xffffff65 fr.pc=0x0000000002c2ab9c
Event: 5.393 Thread 0x000000001e17a800 DEOPT PACKING pc=0x0000000002c2ab9c sp=0x0000000025a9df10
Event: 5.393 Thread 0x000000001e17a800 DEOPT UNPACKING pc=0x00000000026b582a sp=0x0000000025a9df78 mode 2
Event: 5.525 Thread 0x000000001e17a800 DEOPT PACKING pc=0x0000000002c03b51 sp=0x0000000025a9d5d0
Event: 5.525 Thread 0x000000001e17a800 DEOPT UNPACKING pc=0x00000000026b787f sp=0x0000000025a9d3f0 mode 0
Event: 5.598 loading class com/jogamp/opengl/math/FloatUtil
Event: 5.598 loading class com/jogamp/opengl/math/FloatUtil done
Event: 5.603 loading class com/jogamp/opengl/math/VectorUtil
Event: 5.603 loading class com/jogamp/opengl/math/VectorUtil done


Dynamic libraries:
0x00007ff710770000 - 0x00007ff7107a7000 	C:\Program Files\Java\jdk1.8.0_65\bin\java.exe
0x00007ffc51450000 - 0x00007ffc51611000 	C:\Windows\SYSTEM32\ntdll.dll
0x00007ffc50010000 - 0x00007ffc500bd000 	C:\Windows\system32\KERNEL32.DLL
0x00007ffc4db60000 - 0x00007ffc4dd48000 	C:\Windows\system32\KERNELBASE.dll
0x00007ffc4ff40000 - 0x00007ffc4ffe7000 	C:\Windows\system32\ADVAPI32.dll
0x00007ffc50170000 - 0x00007ffc5020d000 	C:\Windows\system32\msvcrt.dll
0x00007ffc50850000 - 0x00007ffc508ab000 	C:\Windows\system32\sechost.dll
0x00007ffc50fd0000 - 0x00007ffc510ec000 	C:\Windows\system32\RPCRT4.dll
0x00007ffc508b0000 - 0x00007ffc50a06000 	C:\Windows\system32\USER32.dll
0x00007ffc4fdb0000 - 0x00007ffc4ff36000 	C:\Windows\system32\GDI32.dll
0x00007ffc41c50000 - 0x00007ffc41ec4000 	C:\Windows\WinSxS\amd64_microsoft.windows.common-controls_6595b64144ccf1df_6.0.10586.0_none_8c15ae12515e1c22\COMCTL32.dll
0x00007ffc51150000 - 0x00007ffc513cd000 	C:\Windows\system32\combase.dll
0x00007ffc4dd70000 - 0x00007ffc4ddda000 	C:\Windows\system32\bcryptPrimitives.dll
0x00007ffc50130000 - 0x00007ffc5016b000 	C:\Windows\system32\IMM32.DLL
0x0000000059670000 - 0x0000000059742000 	C:\Program Files\Java\jdk1.8.0_65\jre\bin\msvcr100.dll
0x0000000058de0000 - 0x0000000059669000 	C:\Program Files\Java\jdk1.8.0_65\jre\bin\server\jvm.dll
0x00007ffc50e10000 - 0x00007ffc50e18000 	C:\Windows\system32\PSAPI.DLL
0x00007ffc4a9e0000 - 0x00007ffc4a9e9000 	C:\Windows\SYSTEM32\WSOCK32.dll
0x00007ffc4bcf0000 - 0x00007ffc4bd13000 	C:\Windows\SYSTEM32\WINMM.dll
0x00007ffc500c0000 - 0x00007ffc5012b000 	C:\Windows\system32\WS2_32.dll
0x00007ffc49c20000 - 0x00007ffc49c2a000 	C:\Windows\SYSTEM32\VERSION.dll
0x00007ffc4bc90000 - 0x00007ffc4bcbc000 	C:\Windows\SYSTEM32\WINMMBASE.dll
0x00007ffc4dea0000 - 0x00007ffc4dee3000 	C:\Windows\system32\cfgmgr32.dll
0x0000000058dd0000 - 0x0000000058ddf000 	C:\Program Files\Java\jdk1.8.0_65\jre\bin\verify.dll
0x0000000058da0000 - 0x0000000058dc9000 	C:\Program Files\Java\jdk1.8.0_65\jre\bin\java.dll
0x0000000058d80000 - 0x0000000058d96000 	C:\Program Files\Java\jdk1.8.0_65\jre\bin\zip.dll
0x00007ffc4e850000 - 0x00007ffc4fdaf000 	C:\Windows\system32\SHELL32.dll
0x00007ffc4def0000 - 0x00007ffc4e534000 	C:\Windows\system32\windows.storage.dll
0x00007ffc507f0000 - 0x00007ffc50842000 	C:\Windows\system32\shlwapi.dll
0x00007ffc4daf0000 - 0x00007ffc4daff000 	C:\Windows\system32\kernel.appcore.dll
0x00007ffc4dde0000 - 0x00007ffc4de95000 	C:\Windows\system32\shcore.dll
0x00007ffc4daa0000 - 0x00007ffc4daeb000 	C:\Windows\system32\powrprof.dll
0x00007ffc4da80000 - 0x00007ffc4da94000 	C:\Windows\system32\profapi.dll
0x00007ffc480c0000 - 0x00007ffc480d0000 	C:\Users\rodge\IntelliJ IDEA Community Edition 15.0.2\bin\breakgen64.dll
0x0000000058be0000 - 0x0000000058d78000 	C:\Program Files\Java\jdk1.8.0_65\jre\bin\awt.dll
0x00007ffc50b20000 - 0x00007ffc50be1000 	C:\Windows\system32\OLEAUT32.dll
0x00007ffc4c260000 - 0x00007ffc4c2d9000 	C:\Windows\system32\apphelp.dll
0x0000000058bc0000 - 0x0000000058bda000 	C:\Program Files\Java\jdk1.8.0_65\jre\bin\net.dll
0x00007ffc4d3a0000 - 0x00007ffc4d3fc000 	C:\Windows\system32\mswsock.dll
0x00007ffc4ba20000 - 0x00007ffc4ba42000 	C:\Windows\system32\DWMAPI.DLL
0x00007ffc4c3f0000 - 0x00007ffc4c486000 	C:\Windows\system32\uxtheme.dll
0x00007ffc50ca0000 - 0x00007ffc50dfa000 	C:\Windows\system32\MSCTF.dll
0x00007ffc50e80000 - 0x00007ffc50fc3000 	C:\Windows\system32\ole32.dll
0x00007ffc29180000 - 0x00007ffc29390000 	C:\Windows\system32\d3d9.dll
0x00007ffc49c30000 - 0x00007ffc49d97000 	C:\Windows\SYSTEM32\aticfx64.dll
0x00007ffc29150000 - 0x00007ffc29171000 	C:\Windows\SYSTEM32\atiu9p64.dll
0x00007ffc288f0000 - 0x00007ffc29149000 	C:\Windows\SYSTEM32\atiumd64.dll
0x0000000059a80000 - 0x000000005a308000 	C:\Windows\SYSTEM32\atiumd6a.dll
0x0000000058b70000 - 0x0000000058bb7000 	C:\Program Files\Java\jdk1.8.0_65\jre\bin\fontmanager.dll
0x00007ffc4d450000 - 0x00007ffc4d467000 	C:\Windows\SYSTEM32\CRYPTSP.dll
0x00007ffc4d0e0000 - 0x00007ffc4d114000 	C:\Windows\system32\rsaenh.dll
0x00007ffc4d670000 - 0x00007ffc4d699000 	C:\Windows\SYSTEM32\bcrypt.dll
0x00007ffc4d230000 - 0x00007ffc4d24f000 	C:\Windows\SYSTEM32\USERENV.dll
0x00007ffc4d570000 - 0x00007ffc4d57b000 	C:\Windows\SYSTEM32\CRYPTBASE.dll
0x00007ffc48e90000 - 0x00007ffc48ec8000 	C:\Windows\SYSTEM32\IPHLPAPI.DLL
0x00007ffc50e00000 - 0x00007ffc50e08000 	C:\Windows\system32\NSI.dll
0x00007ffc48dd0000 - 0x00007ffc48de6000 	C:\Windows\SYSTEM32\dhcpcsvc6.DLL
0x00007ffc48da0000 - 0x00007ffc48dba000 	C:\Windows\SYSTEM32\dhcpcsvc.DLL
0x0000000058b50000 - 0x0000000058b61000 	C:\Program Files\Java\jdk1.8.0_65\jre\bin\nio.dll
0x00000000637c0000 - 0x00000000637cd000 	C:\Users\rodge\AppData\Local\Temp\jogamp_0000\file_cache\jln4344645618952922300\jln6462304762007142390\gluegen-rt.dll
0x0000000058b40000 - 0x0000000058b47000 	C:\Program Files\Java\jdk1.8.0_65\jre\bin\jawt.dll
0x000000006a440000 - 0x000000006a44d000 	C:\Users\rodge\AppData\Local\Temp\jogamp_0000\file_cache\jln4344645618952922300\jln6462304762007142390\nativewindow_awt.dll
0x000000006c100000 - 0x000000006c10f000 	C:\Users\rodge\AppData\Local\Temp\jogamp_0000\file_cache\jln4344645618952922300\jln6462304762007142390\nativewindow_win32.dll
0x00007ffc379c0000 - 0x00007ffc37ae9000 	C:\Windows\SYSTEM32\OpenGL32.dll
0x00007ffc3ba00000 - 0x00007ffc3ba2e000 	C:\Windows\SYSTEM32\GLU32.dll
0x00007ffc378c0000 - 0x00007ffc379ba000 	C:\Windows\SYSTEM32\DDRAW.dll
0x00007ffc45040000 - 0x00007ffc45048000 	C:\Windows\SYSTEM32\DCIMAN32.dll
0x0000000064500000 - 0x00000000645ae000 	C:\Users\rodge\AppData\Local\Temp\jogamp_0000\file_cache\jln4344645618952922300\jln6462304762007142390\jogl_desktop.dll
0x0000000064340000 - 0x00000000643a0000 	C:\Users\rodge\AppData\Local\Temp\jogamp_0000\file_cache\jln4344645618952922300\jln6462304762007142390\jogl_mobile.dll
0x00007ffc3b9e0000 - 0x00007ffc3b9f8000 	C:\Windows\SYSTEM32\atig6pxx.dll
0x0000000056d40000 - 0x0000000058b40000 	C:\Windows\SYSTEM32\atio6axx.dll
0x00007ffc503c0000 - 0x00007ffc507e9000 	C:\Windows\system32\SETUPAPI.dll
0x00007ffc303b0000 - 0x00007ffc304f1000 	C:\Windows\SYSTEM32\atiadlxx.dll
0x00007ffc4ba70000 - 0x00007ffc4bbf6000 	C:\Windows\SYSTEM32\PROPSYS.dll
0x00007ffc4b750000 - 0x00007ffc4b763000 	C:\Windows\SYSTEM32\WTSAPI32.dll
0x00007ffc4c540000 - 0x00007ffc4c567000 	C:\Windows\SYSTEM32\DEVOBJ.dll
0x00007ffc4db00000 - 0x00007ffc4db55000 	C:\Windows\system32\WINTRUST.dll
0x00007ffc4da70000 - 0x00007ffc4da80000 	C:\Windows\system32\MSASN1.dll
0x00007ffc4e540000 - 0x00007ffc4e707000 	C:\Windows\system32\CRYPT32.dll
0x00007ffc3b9b0000 - 0x00007ffc3b9dc000 	C:\Windows\SYSTEM32\atig6txx.dll
0x00007ffc371d0000 - 0x00007ffc3735c000 	C:\Windows\SYSTEM32\dbghelp.dll

VM Arguments:
jvm_args: -Didea.launcher.port=7541 -Didea.launcher.bin.path=C:\Users\rodge\IntelliJ IDEA Community Edition 15.0.2\bin -Dfile.encoding=UTF-8 
java_command: com.intellij.rt.execution.application.AppMain Main
java_class_path (initial): C:\Program Files\Java\jdk1.8.0_65\jre\lib\charsets.jar;C:\Program Files\Java\jdk1.8.0_65\jre\lib\deploy.jar;C:\Program Files\Java\jdk1.8.0_65\jre\lib\ext\access-bridge-64.jar;C:\Program Files\Java\jdk1.8.0_65\jre\lib\ext\cldrdata.jar;C:\Program Files\Java\jdk1.8.0_65\jre\lib\ext\dnsns.jar;C:\Program Files\Java\jdk1.8.0_65\jre\lib\ext\jaccess.jar;C:\Program Files\Java\jdk1.8.0_65\jre\lib\ext\jfxrt.jar;C:\Program Files\Java\jdk1.8.0_65\jre\lib\ext\localedata.jar;C:\Program Files\Java\jdk1.8.0_65\jre\lib\ext\nashorn.jar;C:\Program Files\Java\jdk1.8.0_65\jre\lib\ext\sunec.jar;C:\Program Files\Java\jdk1.8.0_65\jre\lib\ext\sunjce_provider.jar;C:\Program Files\Java\jdk1.8.0_65\jre\lib\ext\sunmscapi.jar;C:\Program Files\Java\jdk1.8.0_65\jre\lib\ext\sunpkcs11.jar;C:\Program Files\Java\jdk1.8.0_65\jre\lib\ext\zipfs.jar;C:\Program Files\Java\jdk1.8.0_65\jre\lib\javaws.jar;C:\Program Files\Java\jdk1.8.0_65\jre\lib\jce.jar;C:\Program Files\Java\jdk1.8.0_65\jre\lib\jfr.jar;C:\Program Files\Java\jdk1.8.0_65\jre\lib\jfxswt.jar;C:\Program Files\Java\jdk1.8.0_65\jre\lib\jsse.jar;C:\Program Files\Java\jdk1.8.0_65\jre\lib\management-agent.jar;C:\Program Files\Java\jdk1.8.0_65\jre\lib\plugin.jar;C:\Program Files\Java\jdk1.8.0_65\jre\lib\resources.jar;C:\Program Files\Java\jdk1.8.0_65\jre\lib\rt.jar;C:\Users\rodge\OneDrive\Documents\SpaceRacer\out\production\SpaceRacer;C:\Users\rodge\OneDrive\Documents\Libraries\jogamp-all-platforms\jar\joal.jar;C:\Users\rodge\OneDrive\Documents\Libraries\jogamp-all-platforms\jar\jocl.jar;C:\Users\rodge\OneDrive\Documents\Libraries\jogamp-all-platforms\jar\gluegen.jar;C:\Users\rodge\OneDrive\Documents\Libraries\jogamp-all-platforms\jar\jogl-all.jar;C:\Users\rodge\OneDrive\Documents\Libraries\jogamp-all-platforms\jar\joal-test.jar;C:\Users\rodge\OneDrive\Documents\Libraries\jogamp-all-platforms\jar\jocl-test.jar;C:\Users\rodge\OneDrive\Documents\Libraries\jogamp-all-platforms\jar\jogl-test.jar;C:\Users\rodge\OneDrive\Documents
Launcher Type: SUN_STANDARD

Environment Variables:
PATH=C:\Program Files (x86)\Google\Chrome\Application;C:\ProgramData\Oracle\Java\javapath;C:\Windows\system32;C:\Windows;C:\Windows\System32\Wbem;C:\Windows\System32\WindowsPowerShell\v1.0\;C:\Program Files (x86)\ATI Technologies\ATI.ACE\Core-Static;C:\Program Files (x86)\Skype\Phone\;C:\Windows\system32;C:\Windows;C:\Windows\System32\Wbem;C:\Windows\System32\WindowsPowerShell\v1.0\;C:\Program Files (x86)\ATI Technologies\ATI.ACE\Core-Static
USERNAME=rodge
OS=Windows_NT
PROCESSOR_IDENTIFIER=Intel64 Family 6 Model 58 Stepping 9, GenuineIntel



---------------  S Y S T E M  ---------------

OS: Windows 10.0 , 64 bit Build 10586 (10.0.10586.0)

CPU:total 4 (4 cores per cpu, 1 threads per core) family 6 model 58 stepping 9, cmov, cx8, fxsr, mmx, sse, sse2, sse3, ssse3, sse4.1, sse4.2, popcnt, avx, aes, clmul, erms, tsc, tscinvbit, tscinv

Memory: 4k page, physical 16719488k(9969344k free), swap 19734144k(9880568k free)

vm_info: Java HotSpot(TM) 64-Bit Server VM (25.65-b01) for windows-amd64 JRE (1.8.0_65-b17), built on Oct  6 2015 16:39:20 by "java_re" with MS VC++ 10.0 (VS2010)

time: Wed Dec 16 15:54:15 2015
elapsed time: 5 seconds (0d 0h 0m 5s)

