#
# A fatal error has been detected by the Java Runtime Environment:
#
#  EXCEPTION_ACCESS_VIOLATION (0xc0000005) at pc=0x00000000578b9b3e, pid=1100, tid=4720
#
# JRE version: Java(TM) SE Runtime Environment (8.0_65-b17) (build 1.8.0_65-b17)
# Java VM: Java HotSpot(TM) 64-Bit Server VM (25.65-b01 mixed mode windows-amd64 compressed oops)
# Problematic frame:
# C  [atio6axx.dll+0xb79b3e]
#
# Failed to write core dump. Minidumps are not enabled by default on client versions of Windows
#
# If you would like to submit a bug report, please visit:
#   http://bugreport.java.com/bugreport/crash.jsp
# The crash happened outside the Java Virtual Machine in native code.
# See problematic frame for where to report the bug.
#

---------------  T H R E A D  ---------------

Current thread (0x000000001e01a800):  JavaThread "AWT-EventQueue-0" [_thread_in_native, id=4720, stack(0x00000000257c0000,0x00000000258c0000)]

siginfo: ExceptionCode=0xc0000005, reading address 0x00000000281d9000

Registers:
RAX=0x0000000000000000, RBX=0x00000000258bdc60, RCX=0x00000000ff000000, RDX=0x0000000030ae3c60
RSP=0x00000000258bdae0, RBP=0x00000000258bdbb9, RSI=0x00000000281d9004, RDI=0x0000000000000294
R8 =0x00000000000000a6, R9 =0x00000000000001aa, R10=0x0000000000000000, R11=0x0000000000000001
R12=0x00000000000002fa, R13=0x0000000000000001, R14=0x00000000000004dc, R15=0x0000000000000000
RIP=0x00000000578b9b3e, EFLAGS=0x0000000000010286

Top of Stack: (sp=0x00000000258bdae0)
0x00000000258bdae0:   00000000258bdc60 00000000258bdbb9
0x00000000258bdaf0:   00000000280a66ec 000000002c6b0000
0x00000000258bdb00:   000000000000000b 0000000000000000
0x00000000258bdb10:   00000000000004dc 00000000000002fa
0x00000000258bdb20:   00000000ffffffff 0000000700000000
0x00000000258bdb30:   000000000001fd00 00000000280a66ec
0x00000000258bdb40:   0000000000000005 0000000000000009
0x00000000258bdb50:   000000070000000b 0000000000000924
0x00000000258bdb60:   000000005886dd94 0000000000000001
0x00000000258bdb70:   000000000001fd20 0000000200000001
0x00000000258bdb80:   0000000000000090 0000000058e4d621
0x00000000258bdb90:   000000003f4ccccd 0000000000000000
0x00000000258bdba0:   000000009508811c 0000000024b723d0
0x00000000258bdbb0:   00000000000000f3 0000000000001270
0x00000000258bdbc0:   0000000029250088 0000000024a400c0
0x00000000258bdbd0:   0000000000000094 0000000000000001 

Instructions: (pc=0x00000000578b9b3e)
0x00000000578b9b1e:   ff 83 c7 fc 89 42 f0 0f b6 46 f7 8b 4e f8 81 c9
0x00000000578b9b2e:   00 00 ff ff c1 e1 08 0b c8 89 4a f4 0f b7 46 fa
0x00000000578b9b3e:   8b 4e fc 81 c9 00 ff ff ff c1 e1 10 0b c8 89 4a
0x00000000578b9b4e:   f8 8b 46 fc c1 e8 08 0d 00 00 00 ff 89 42 fc 49 


Register to memory mapping:

RAX=0x0000000000000000 is an unknown value
RBX=0x00000000258bdc60 is pointing into the stack for thread: 0x000000001e01a800
RCX=0x00000000ff000000 is an unknown value
RDX=0x0000000030ae3c60 is an unknown value
RSP=0x00000000258bdae0 is pointing into the stack for thread: 0x000000001e01a800
RBP=0x00000000258bdbb9 is pointing into the stack for thread: 0x000000001e01a800
RSI=0x00000000281d9004 is an unknown value
RDI=0x0000000000000294 is an unknown value
R8 =0x00000000000000a6 is an unknown value
R9 =0x00000000000001aa is an unknown value
R10=0x0000000000000000 is an unknown value
R11=0x0000000000000001 is an unknown value
R12=0x00000000000002fa is an unknown value
R13=0x0000000000000001 is an unknown value
R14=0x00000000000004dc is an unknown value
R15=0x0000000000000000 is an unknown value


Stack: [0x00000000257c0000,0x00000000258c0000],  sp=0x00000000258bdae0,  free space=1014k
Native frames: (J=compiled Java code, j=interpreted, Vv=VM code, C=native code)
C  [atio6axx.dll+0xb79b3e]
C  [atio6axx.dll+0xb0cfed]
C  [atio6axx.dll+0x21e19b]
C  [atio6axx.dll+0x2cff15]
C  [atio6axx.dll+0x779828]
C  0x0000000002515e34

Java frames: (J=compiled Java code, j=interpreted, Vv=VM code)
j  jogamp.opengl.gl4.GL4bcImpl.dispatch_glCallList1(IJ)V+0
j  jogamp.opengl.gl4.GL4bcImpl.glCallList(I)V+40
j  JOGL.JOGLObject.draw(Lcom/jogamp/opengl/GL2;)V+92
j  JOGL.JoglEventListener.display(Lcom/jogamp/opengl/GLAutoDrawable;)V+471
j  jogamp.opengl.GLDrawableHelper.displayImpl(Lcom/jogamp/opengl/GLAutoDrawable;)V+81
j  jogamp.opengl.GLDrawableHelper.display(Lcom/jogamp/opengl/GLAutoDrawable;)V+2
j  com.jogamp.opengl.awt.GLCanvas$11.run()V+118
j  jogamp.opengl.GLDrawableHelper.invokeGLImpl(Lcom/jogamp/opengl/GLDrawable;Lcom/jogamp/opengl/GLContext;Ljava/lang/Runnable;Ljava/lang/Runnable;)V+203
j  jogamp.opengl.GLDrawableHelper.invokeGL(Lcom/jogamp/opengl/GLDrawable;Lcom/jogamp/opengl/GLContext;Ljava/lang/Runnable;Ljava/lang/Runnable;)V+72
j  com.jogamp.opengl.awt.GLCanvas$12.run()V+104
j  java.awt.event.InvocationEvent.dispatch()V+11
j  java.awt.EventQueue.dispatchEventImpl(Ljava/awt/AWTEvent;Ljava/lang/Object;)V+21
j  java.awt.EventQueue.access$500(Ljava/awt/EventQueue;Ljava/awt/AWTEvent;Ljava/lang/Object;)V+3
j  java.awt.EventQueue$3.run()Ljava/lang/Void;+32
j  java.awt.EventQueue$3.run()Ljava/lang/Object;+1
v  ~StubRoutines::call_stub
j  java.security.AccessController.doPrivileged(Ljava/security/PrivilegedAction;Ljava/security/AccessControlContext;)Ljava/lang/Object;+0
j  java.security.ProtectionDomain$JavaSecurityAccessImpl.doIntersectionPrivilege(Ljava/security/PrivilegedAction;Ljava/security/AccessControlContext;Ljava/security/AccessControlContext;)Ljava/lang/Object;+18
j  java.awt.EventQueue.dispatchEvent(Ljava/awt/AWTEvent;)V+46
j  java.awt.EventDispatchThread.pumpOneEventForFilters(I)V+245
j  java.awt.EventDispatchThread.pumpEventsForFilter(ILjava/awt/Conditional;Ljava/awt/EventFilter;)V+35
j  java.awt.EventDispatchThread.pumpEventsForHierarchy(ILjava/awt/Conditional;Ljava/awt/Component;)V+11
j  java.awt.EventDispatchThread.pumpEvents(ILjava/awt/Conditional;)V+4
j  java.awt.EventDispatchThread.pumpEvents(Ljava/awt/Conditional;)V+3
j  java.awt.EventDispatchThread.run()V+9
v  ~StubRoutines::call_stub

---------------  P R O C E S S  ---------------

Java Threads: ( => current thread )
  0x0000000002407000 JavaThread "DestroyJavaVM" [_thread_blocked, id=7200, stack(0x0000000002250000,0x0000000002350000)]
  0x000000002698d800 JavaThread "main-AWTAnimator#00" [_thread_blocked, id=4088, stack(0x0000000028fa0000,0x00000000290a0000)]
  0x0000000026903800 JavaThread "main-SharedResourceRunner" daemon [_thread_blocked, id=5744, stack(0x00000000279d0000,0x0000000027ad0000)]
  0x000000001e070800 JavaThread "D3D Screen Updater" daemon [_thread_blocked, id=3660, stack(0x00000000258c0000,0x00000000259c0000)]
=>0x000000001e01a800 JavaThread "AWT-EventQueue-0" [_thread_in_native, id=4720, stack(0x00000000257c0000,0x00000000258c0000)]
  0x000000001dfb1000 JavaThread "AWT-Windows" daemon [_thread_in_native, id=5776, stack(0x000000001e6d0000,0x000000001e7d0000)]
  0x000000001dfb0000 JavaThread "AWT-Shutdown" [_thread_blocked, id=6848, stack(0x000000001e5d0000,0x000000001e6d0000)]
  0x000000001dfaf800 JavaThread "Java2D Disposer" daemon [_thread_blocked, id=9560, stack(0x000000001e4d0000,0x000000001e5d0000)]
  0x000000001dd4f800 JavaThread "Monitor Ctrl-Break" daemon [_thread_in_native, id=5952, stack(0x000000001e280000,0x000000001e380000)]
  0x000000001d288000 JavaThread "Service Thread" daemon [_thread_blocked, id=2388, stack(0x000000001d880000,0x000000001d980000)]
  0x000000001d283800 JavaThread "C1 CompilerThread2" daemon [_thread_blocked, id=5620, stack(0x000000001d780000,0x000000001d880000)]
  0x000000001d281000 JavaThread "C2 CompilerThread1" daemon [_thread_blocked, id=3356, stack(0x000000001d680000,0x000000001d780000)]
  0x000000001bb4d800 JavaThread "C2 CompilerThread0" daemon [_thread_blocked, id=9392, stack(0x000000001d180000,0x000000001d280000)]
  0x000000001bb4c000 JavaThread "Attach Listener" daemon [_thread_blocked, id=7292, stack(0x000000001d080000,0x000000001d180000)]
  0x000000001bb4a800 JavaThread "Signal Dispatcher" daemon [_thread_blocked, id=8456, stack(0x000000001cf80000,0x000000001d080000)]
  0x00000000024fd000 JavaThread "Finalizer" daemon [_thread_blocked, id=9428, stack(0x000000001cda0000,0x000000001cea0000)]
  0x000000001bb19000 JavaThread "Reference Handler" daemon [_thread_blocked, id=7000, stack(0x000000001cca0000,0x000000001cda0000)]

Other Threads:
  0x000000001bb17800 VMThread [stack: 0x000000001cba0000,0x000000001cca0000] [id=3360]
  0x000000001d33e000 WatcherThread [stack: 0x000000001d980000,0x000000001da80000] [id=6676]

VM state:not at safepoint (normal execution)

VM Mutex/Monitor currently owned by a thread: None

Heap:
 PSYoungGen      total 531968K, used 321648K [0x000000076af80000, 0x000000078c180000, 0x00000007c0000000)
  eden space 521216K, 60% used [0x000000076af80000,0x000000077e2ef408,0x000000078ac80000)
  from space 10752K, 63% used [0x000000078b700000,0x000000078bdacf48,0x000000078c180000)
  to   space 10752K, 0% used [0x000000078ac80000,0x000000078ac80000,0x000000078b700000)
 ParOldGen       total 175104K, used 7350K [0x00000006c0e00000, 0x00000006cb900000, 0x000000076af80000)
  object space 175104K, 4% used [0x00000006c0e00000,0x00000006c152dbb0,0x00000006cb900000)
 Metaspace       used 16237K, capacity 16440K, committed 16640K, reserved 1064960K
  class space    used 1660K, capacity 1762K, committed 1792K, reserved 1048576K

Card table byte_map: [0x00000000118c0000,0x00000000120c0000] byte_map_base: 0x000000000e2b9000

Marking Bits: (ParMarkBitMap*) 0x00000000595ea5b0
 Begin Bits: [0x0000000012a20000, 0x00000000169e8000)
 End Bits:   [0x00000000169e8000, 0x000000001a9b0000)

Polling page: 0x00000000001f0000

CodeCache: size=245760Kb used=6213Kb max_used=6217Kb free=239546Kb
 bounds [0x0000000002500000, 0x0000000002b20000, 0x0000000011500000]
 total_blobs=2114 nmethods=1263 adapters=764
 compilation: enabled

Compilation events (10 events):
Event: 5.576 Thread 0x000000001d281000 1258       4       java.nio.ByteBuffer::array (35 bytes)
Event: 5.577 Thread 0x000000001d281000 nmethod 1258 0x0000000002ad8890 code [0x0000000002ad89c0, 0x0000000002ad8a58]
Event: 5.804 Thread 0x000000001d283800 1259       1       sun.java2d.SurfaceData::isSurfaceLost (5 bytes)
Event: 5.805 Thread 0x000000001d283800 nmethod 1259 0x0000000002adb650 code [0x0000000002adb7a0, 0x0000000002adb8b0]
Event: 5.986 Thread 0x000000001bb4d800 1260 % !   4       jogamp.opengl.util.jpeg.JPEGDecoder$Decoder::decodeScan @ 421 (806 bytes)
Event: 6.000 Thread 0x000000001bb4d800 nmethod 1260% 0x0000000002aed550 code [0x0000000002aed760, 0x0000000002aee390]
Event: 6.229 Thread 0x000000001d283800 1261 % !   3       Utils.ModelLoader::loadOBJModel @ 543 (821 bytes)
Event: 6.236 Thread 0x000000001d283800 nmethod 1261% 0x0000000002b06a90 code [0x0000000002b07860, 0x0000000002b11b18]
Event: 6.244 Thread 0x000000001d281000 1262   !   4       jogamp.opengl.util.jpeg.JPEGDecoder$Decoder::decodeScan (806 bytes)
Event: 6.257 Thread 0x000000001d281000 nmethod 1262 0x0000000002aeb650 code [0x0000000002aeb880, 0x0000000002aec730]

GC Heap History (10 events):
Event: 4.423 GC heap before
{Heap before GC invocations=4 (full 0):
 PSYoungGen      total 76288K, used 71458K [0x000000076af80000, 0x0000000774480000, 0x00000007c0000000)
  eden space 65536K, 100% used [0x000000076af80000,0x000000076ef80000,0x000000076ef80000)
  from space 10752K, 55% used [0x000000076ef80000,0x000000076f548b00,0x000000076fa00000)
  to   space 10752K, 0% used [0x0000000773a00000,0x0000000773a00000,0x0000000774480000)
 ParOldGen       total 175104K, used 32K [0x00000006c0e00000, 0x00000006cb900000, 0x000000076af80000)
  object space 175104K, 0% used [0x00000006c0e00000,0x00000006c0e08000,0x00000006cb900000)
 Metaspace       used 15992K, capacity 16216K, committed 16384K, reserved 1064960K
  class space    used 1644K, capacity 1730K, committed 1792K, reserved 1048576K
Event: 4.428 GC heap after
Heap after GC invocations=4 (full 0):
 PSYoungGen      total 141824K, used 6752K [0x000000076af80000, 0x0000000774480000, 0x00000007c0000000)
  eden space 131072K, 0% used [0x000000076af80000,0x000000076af80000,0x0000000772f80000)
  from space 10752K, 62% used [0x0000000773a00000,0x0000000774098158,0x0000000774480000)
  to   space 10752K, 0% used [0x0000000772f80000,0x0000000772f80000,0x0000000773a00000)
 ParOldGen       total 175104K, used 40K [0x00000006c0e00000, 0x00000006cb900000, 0x000000076af80000)
  object space 175104K, 0% used [0x00000006c0e00000,0x00000006c0e0a000,0x00000006cb900000)
 Metaspace       used 15992K, capacity 16216K, committed 16384K, reserved 1064960K
  class space    used 1644K, capacity 1730K, committed 1792K, reserved 1048576K
}
Event: 4.519 GC heap before
{Heap before GC invocations=5 (full 0):
 PSYoungGen      total 141824K, used 137824K [0x000000076af80000, 0x0000000774480000, 0x00000007c0000000)
  eden space 131072K, 100% used [0x000000076af80000,0x0000000772f80000,0x0000000772f80000)
  from space 10752K, 62% used [0x0000000773a00000,0x0000000774098158,0x0000000774480000)
  to   space 10752K, 0% used [0x0000000772f80000,0x0000000772f80000,0x0000000773a00000)
 ParOldGen       total 175104K, used 40K [0x00000006c0e00000, 0x00000006cb900000, 0x000000076af80000)
  object space 175104K, 0% used [0x00000006c0e00000,0x00000006c0e0a000,0x00000006cb900000)
 Metaspace       used 15996K, capacity 16216K, committed 16384K, reserved 1064960K
  class space    used 1644K, capacity 1730K, committed 1792K, reserved 1048576K
Event: 4.525 GC heap after
Heap after GC invocations=5 (full 0):
 PSYoungGen      total 141824K, used 8583K [0x000000076af80000, 0x000000077c180000, 0x00000007c0000000)
  eden space 131072K, 0% used [0x000000076af80000,0x000000076af80000,0x0000000772f80000)
  from space 10752K, 79% used [0x0000000772f80000,0x00000007737e1d88,0x0000000773a00000)
  to   space 9216K, 0% used [0x000000077b880000,0x000000077b880000,0x000000077c180000)
 ParOldGen       total 175104K, used 48K [0x00000006c0e00000, 0x00000006cb900000, 0x000000076af80000)
  object space 175104K, 0% used [0x00000006c0e00000,0x00000006c0e0c000,0x00000006cb900000)
 Metaspace       used 15996K, capacity 16216K, committed 16384K, reserved 1064960K
  class space    used 1644K, capacity 1730K, committed 1792K, reserved 1048576K
}
Event: 4.594 GC heap before
{Heap before GC invocations=6 (full 0):
 PSYoungGen      total 141824K, used 139655K [0x000000076af80000, 0x000000077c180000, 0x00000007c0000000)
  eden space 131072K, 100% used [0x000000076af80000,0x0000000772f80000,0x0000000772f80000)
  from space 10752K, 79% used [0x0000000772f80000,0x00000007737e1d88,0x0000000773a00000)
  to   space 9216K, 0% used [0x000000077b880000,0x000000077b880000,0x000000077c180000)
 ParOldGen       total 175104K, used 48K [0x00000006c0e00000, 0x00000006cb900000, 0x000000076af80000)
  object space 175104K, 0% used [0x00000006c0e00000,0x00000006c0e0c000,0x00000006cb900000)
 Metaspace       used 15996K, capacity 16216K, committed 16384K, reserved 1064960K
  class space    used 1644K, capacity 1730K, committed 1792K, reserved 1048576K
Event: 4.602 GC heap after
Heap after GC invocations=6 (full 0):
 PSYoungGen      total 269824K, used 9202K [0x000000076af80000, 0x000000077c480000, 0x00000007c0000000)
  eden space 260608K, 0% used [0x000000076af80000,0x000000076af80000,0x000000077ae00000)
  from space 9216K, 99% used [0x000000077b880000,0x000000077c17c810,0x000000077c180000)
  to   space 10752K, 0% used [0x000000077ae00000,0x000000077ae00000,0x000000077b880000)
 ParOldGen       total 175104K, used 1352K [0x00000006c0e00000, 0x00000006cb900000, 0x000000076af80000)
  object space 175104K, 0% used [0x00000006c0e00000,0x00000006c0f52000,0x00000006cb900000)
 Metaspace       used 15996K, capacity 16216K, committed 16384K, reserved 1064960K
  class space    used 1644K, capacity 1730K, committed 1792K, reserved 1048576K
}
Event: 4.804 GC heap before
{Heap before GC invocations=7 (full 0):
 PSYoungGen      total 269824K, used 269810K [0x000000076af80000, 0x000000077c480000, 0x00000007c0000000)
  eden space 260608K, 100% used [0x000000076af80000,0x000000077ae00000,0x000000077ae00000)
  from space 9216K, 99% used [0x000000077b880000,0x000000077c17c810,0x000000077c180000)
  to   space 10752K, 0% used [0x000000077ae00000,0x000000077ae00000,0x000000077b880000)
 ParOldGen       total 175104K, used 1352K [0x00000006c0e00000, 0x00000006cb900000, 0x000000076af80000)
  object space 175104K, 0% used [0x00000006c0e00000,0x00000006c0f52000,0x00000006cb900000)
 Metaspace       used 16000K, capacity 16216K, committed 16384K, reserved 1064960K
  class space    used 1644K, capacity 1730K, committed 1792K, reserved 1048576K
Event: 4.813 GC heap after
Heap after GC invocations=7 (full 0):
 PSYoungGen      total 271360K, used 8083K [0x000000076af80000, 0x000000078c180000, 0x00000007c0000000)
  eden space 260608K, 0% used [0x000000076af80000,0x000000076af80000,0x000000077ae00000)
  from space 10752K, 75% used [0x000000077ae00000,0x000000077b5e4f48,0x000000077b880000)
  to   space 10752K, 0% used [0x000000078b700000,0x000000078b700000,0x000000078c180000)
 ParOldGen       total 175104K, used 5942K [0x00000006c0e00000, 0x00000006cb900000, 0x000000076af80000)
  object space 175104K, 3% used [0x00000006c0e00000,0x00000006c13cdbb0,0x00000006cb900000)
 Metaspace       used 16000K, capacity 16216K, committed 16384K, reserved 1064960K
  class space    used 1644K, capacity 1730K, committed 1792K, reserved 1048576K
}
Event: 5.570 GC heap before
{Heap before GC invocations=8 (full 0):
 PSYoungGen      total 271360K, used 268691K [0x000000076af80000, 0x000000078c180000, 0x00000007c0000000)
  eden space 260608K, 100% used [0x000000076af80000,0x000000077ae00000,0x000000077ae00000)
  from space 10752K, 75% used [0x000000077ae00000,0x000000077b5e4f48,0x000000077b880000)
  to   space 10752K, 0% used [0x000000078b700000,0x000000078b700000,0x000000078c180000)
 ParOldGen       total 175104K, used 5942K [0x00000006c0e00000, 0x00000006cb900000, 0x000000076af80000)
  object space 175104K, 3% used [0x00000006c0e00000,0x00000006c13cdbb0,0x00000006cb900000)
 Metaspace       used 16186K, capacity 16376K, committed 16640K, reserved 1064960K
  class space    used 1659K, capacity 1762K, committed 1792K, reserved 1048576K
Event: 5.575 GC heap after
Heap after GC invocations=8 (full 0):
 PSYoungGen      total 531968K, used 6835K [0x000000076af80000, 0x000000078c180000, 0x00000007c0000000)
  eden space 521216K, 0% used [0x000000076af80000,0x000000076af80000,0x000000078ac80000)
  from space 10752K, 63% used [0x000000078b700000,0x000000078bdacf48,0x000000078c180000)
  to   space 10752K, 0% used [0x000000078ac80000,0x000000078ac80000,0x000000078b700000)
 ParOldGen       total 175104K, used 7350K [0x00000006c0e00000, 0x00000006cb900000, 0x000000076af80000)
  object space 175104K, 4% used [0x00000006c0e00000,0x00000006c152dbb0,0x00000006cb900000)
 Metaspace       used 16186K, capacity 16376K, committed 16640K, reserved 1064960K
  class space    used 1659K, capacity 1762K, committed 1792K, reserved 1048576K
}

Deoptimization events (10 events):
Event: 4.459 Thread 0x000000001e01a800 Uncommon trap: reason=range_check action=make_not_entrant pc=0x000000000294f340 method=Utils.ModelLoader.getVertex(Ljava/lang/String;)Linput/state/Vertex3f; @ 18
Event: 4.461 Thread 0x000000001e01a800 Uncommon trap: reason=unstable_if action=reinterpret pc=0x00000000029a52d8 method=Utils.ModelLoader.loadOBJModel(Lcom/jogamp/opengl/GL2;Ljava/io/File;Ljava/io/File;)Ljava/util/ArrayList; @ 625
Event: 4.594 Thread 0x000000001e01a800 Uncommon trap: reason=unstable_if action=reinterpret pc=0x00000000029ca2a8 method=Utils.ModelLoader.loadOBJModel(Lcom/jogamp/opengl/GL2;Ljava/io/File;Ljava/io/File;)Ljava/util/ArrayList; @ 645
Event: 4.814 Thread 0x000000001e01a800 Uncommon trap: reason=unstable_if action=reinterpret pc=0x00000000029e6e9c method=Utils.ModelLoader.loadOBJModel(Lcom/jogamp/opengl/GL2;Ljava/io/File;Ljava/io/File;)Ljava/util/ArrayList; @ 665
Event: 4.814 Thread 0x000000001e01a800 Uncommon trap: reason=unstable_if action=reinterpret pc=0x00000000027cf6b8 method=java.io.WinNTFileSystem.normalize(Ljava/lang/String;)Ljava/lang/String; @ 49
Event: 4.899 Thread 0x000000001e01a800 Uncommon trap: reason=unstable_if action=reinterpret pc=0x00000000029fea44 method=jogamp.opengl.util.jpeg.JPEGDecoder.clampTo8bit(F)B @ 14
Event: 4.932 Thread 0x000000001e01a800 Uncommon trap: reason=unstable_if action=reinterpret pc=0x0000000002a4eab8 method=jogamp.opengl.util.jpeg.JPEGDecoder.getPixel(Ljogamp/opengl/util/jpeg/JPEGDecoder$ColorSink;II)V @ 465
Event: 4.935 Thread 0x000000001e01a800 Uncommon trap: reason=unstable_if action=reinterpret pc=0x0000000002952eec method=java.lang.String.split(Ljava/lang/String;I)[Ljava/lang/String; @ 8
Event: 5.034 Thread 0x000000001e01a800 Uncommon trap: reason=unstable_if action=reinterpret pc=0x0000000002a1ee50 method=jogamp.opengl.util.jpeg.JPEGDecoder$Output.quantizeAndInverse([I[B[I[I)V @ 814
Event: 6.106 Thread 0x000000001e01a800 Uncommon trap: reason=unstable_if action=reinterpret pc=0x0000000002b01314 method=java.lang.String.isEmpty()Z @ 5

Internal exceptions (10 events):
Event: 0.211 Thread 0x0000000002407000 Exception <a 'java/security/PrivilegedActionException'> (0x000000076b629710) thrown at [C:\workspace\8-2-build-windows-amd64-cygwin\jdk8u65\4987\hotspot\src\share\vm\prims\jvm.cpp, line 1386]
Event: 0.212 Thread 0x0000000002407000 Exception <a 'java/security/PrivilegedActionException'> (0x000000076b62d558) thrown at [C:\workspace\8-2-build-windows-amd64-cygwin\jdk8u65\4987\hotspot\src\share\vm\prims\jvm.cpp, line 1386]
Event: 0.212 Thread 0x0000000002407000 Exception <a 'java/security/PrivilegedActionException'> (0x000000076b62d768) thrown at [C:\workspace\8-2-build-windows-amd64-cygwin\jdk8u65\4987\hotspot\src\share\vm\prims\jvm.cpp, line 1386]
Event: 0.215 Thread 0x0000000002407000 Exception <a 'java/io/FileNotFoundException'> (0x000000076b62f990) thrown at [C:\workspace\8-2-build-windows-amd64-cygwin\jdk8u65\4987\hotspot\src\share\vm\prims\jni.cpp, line 709]
Event: 0.254 Thread 0x0000000002407000 Exception <a 'java/lang/NoSuchFieldError': method resolution failed> (0x000000076b6fd218) thrown at [C:\workspace\8-2-build-windows-amd64-cygwin\jdk8u65\4987\hotspot\src\share\vm\prims\methodHandles.cpp, line 1146]
Event: 0.256 Thread 0x0000000002407000 Exception <a 'java/lang/NoSuchFieldError': method resolution failed> (0x000000076b70a5e8) thrown at [C:\workspace\8-2-build-windows-amd64-cygwin\jdk8u65\4987\hotspot\src\share\vm\prims\methodHandles.cpp, line 1146]
Event: 0.292 Thread 0x0000000002407000 Exception <a 'java/io/FileNotFoundException'> (0x000000076b7a1f90) thrown at [C:\workspace\8-2-build-windows-amd64-cygwin\jdk8u65\4987\hotspot\src\share\vm\prims\jni.cpp, line 709]
Event: 0.636 Thread 0x0000000002407000 Exception <a 'java/io/FileNotFoundException'> (0x000000076bd8f428) thrown at [C:\workspace\8-2-build-windows-amd64-cygwin\jdk8u65\4987\hotspot\src\share\vm\prims\jni.cpp, line 709]
Event: 1.630 Thread 0x0000000002407000 Exception <a 'java/lang/InterruptedException'> (0x000000076c830868) thrown at [C:\workspace\8-2-build-windows-amd64-cygwin\jdk8u65\4987\hotspot\src\share\vm\runtime\objectMonitor.cpp, line 1683]
Event: 1.650 Thread 0x0000000002407000 Exception <a 'java/lang/reflect/InvocationTargetException'> (0x000000076c8f7328) thrown at [C:\workspace\8-2-build-windows-amd64-cygwin\jdk8u65\4987\hotspot\src\share\vm\runtime\reflection.cpp, line 1092]

Events (10 events):
Event: 5.576 Executing VM operation: RevokeBias done
Event: 6.106 Thread 0x000000001e01a800 Uncommon trap: trap_request=0xffffff65 fr.pc=0x0000000002b01314
Event: 6.106 Thread 0x000000001e01a800 DEOPT PACKING pc=0x0000000002b01314 sp=0x00000000258bde20
Event: 6.106 Thread 0x000000001e01a800 DEOPT UNPACKING pc=0x000000000254582a sp=0x00000000258bde88 mode 2
Event: 6.244 Thread 0x000000001e01a800 DEOPT PACKING pc=0x0000000002acc071 sp=0x00000000258bd4c0
Event: 6.244 Thread 0x000000001e01a800 DEOPT UNPACKING pc=0x000000000254787f sp=0x00000000258bd2e0 mode 0
Event: 6.328 loading class com/jogamp/opengl/math/FloatUtil
Event: 6.328 loading class com/jogamp/opengl/math/FloatUtil done
Event: 6.333 loading class com/jogamp/opengl/math/VectorUtil
Event: 6.333 loading class com/jogamp/opengl/math/VectorUtil done


Dynamic libraries:
0x00007ff710770000 - 0x00007ff7107a7000 	C:\Program Files\Java\jdk1.8.0_65\bin\java.exe
0x00007ffc51450000 - 0x00007ffc51611000 	C:\Windows\SYSTEM32\ntdll.dll
0x00007ffc50010000 - 0x00007ffc500bd000 	C:\Windows\system32\KERNEL32.DLL
0x00007ffc4db60000 - 0x00007ffc4dd48000 	C:\Windows\system32\KERNELBASE.dll
0x00007ffc4ff40000 - 0x00007ffc4ffe7000 	C:\Windows\system32\ADVAPI32.dll
0x00007ffc50170000 - 0x00007ffc5020d000 	C:\Windows\system32\msvcrt.dll
0x00007ffc50850000 - 0x00007ffc508ab000 	C:\Windows\system32\sechost.dll
0x00007ffc50fd0000 - 0x00007ffc510ec000 	C:\Windows\system32\RPCRT4.dll
0x00007ffc508b0000 - 0x00007ffc50a06000 	C:\Windows\system32\USER32.dll
0x00007ffc4fdb0000 - 0x00007ffc4ff36000 	C:\Windows\system32\GDI32.dll
0x00007ffc41c50000 - 0x00007ffc41ec4000 	C:\Windows\WinSxS\amd64_microsoft.windows.common-controls_6595b64144ccf1df_6.0.10586.0_none_8c15ae12515e1c22\COMCTL32.dll
0x00007ffc51150000 - 0x00007ffc513cd000 	C:\Windows\system32\combase.dll
0x00007ffc4dd70000 - 0x00007ffc4ddda000 	C:\Windows\system32\bcryptPrimitives.dll
0x00007ffc50130000 - 0x00007ffc5016b000 	C:\Windows\system32\IMM32.DLL
0x0000000059670000 - 0x0000000059742000 	C:\Program Files\Java\jdk1.8.0_65\jre\bin\msvcr100.dll
0x0000000058de0000 - 0x0000000059669000 	C:\Program Files\Java\jdk1.8.0_65\jre\bin\server\jvm.dll
0x00007ffc50e10000 - 0x00007ffc50e18000 	C:\Windows\system32\PSAPI.DLL
0x00007ffc4a9e0000 - 0x00007ffc4a9e9000 	C:\Windows\SYSTEM32\WSOCK32.dll
0x00007ffc500c0000 - 0x00007ffc5012b000 	C:\Windows\system32\WS2_32.dll
0x00007ffc4bcf0000 - 0x00007ffc4bd13000 	C:\Windows\SYSTEM32\WINMM.dll
0x00007ffc49c20000 - 0x00007ffc49c2a000 	C:\Windows\SYSTEM32\VERSION.dll
0x00007ffc4bc90000 - 0x00007ffc4bcbc000 	C:\Windows\SYSTEM32\WINMMBASE.dll
0x00007ffc4dea0000 - 0x00007ffc4dee3000 	C:\Windows\system32\cfgmgr32.dll
0x0000000058dd0000 - 0x0000000058ddf000 	C:\Program Files\Java\jdk1.8.0_65\jre\bin\verify.dll
0x0000000058da0000 - 0x0000000058dc9000 	C:\Program Files\Java\jdk1.8.0_65\jre\bin\java.dll
0x0000000058d80000 - 0x0000000058d96000 	C:\Program Files\Java\jdk1.8.0_65\jre\bin\zip.dll
0x00007ffc4e850000 - 0x00007ffc4fdaf000 	C:\Windows\system32\SHELL32.dll
0x00007ffc4def0000 - 0x00007ffc4e534000 	C:\Windows\system32\windows.storage.dll
0x00007ffc507f0000 - 0x00007ffc50842000 	C:\Windows\system32\shlwapi.dll
0x00007ffc4daf0000 - 0x00007ffc4daff000 	C:\Windows\system32\kernel.appcore.dll
0x00007ffc4dde0000 - 0x00007ffc4de95000 	C:\Windows\system32\shcore.dll
0x00007ffc4daa0000 - 0x00007ffc4daeb000 	C:\Windows\system32\powrprof.dll
0x00007ffc4da80000 - 0x00007ffc4da94000 	C:\Windows\system32\profapi.dll
0x00007ffc480c0000 - 0x00007ffc480d0000 	C:\Users\rodge\IntelliJ IDEA Community Edition 15.0.2\bin\breakgen64.dll
0x0000000058d60000 - 0x0000000058d7a000 	C:\Program Files\Java\jdk1.8.0_65\jre\bin\net.dll
0x00007ffc4d3a0000 - 0x00007ffc4d3fc000 	C:\Windows\system32\mswsock.dll
0x0000000058bc0000 - 0x0000000058d58000 	C:\Program Files\Java\jdk1.8.0_65\jre\bin\awt.dll
0x00007ffc50b20000 - 0x00007ffc50be1000 	C:\Windows\system32\OLEAUT32.dll
0x00007ffc4c260000 - 0x00007ffc4c2d9000 	C:\Windows\system32\apphelp.dll
0x00007ffc4ba20000 - 0x00007ffc4ba42000 	C:\Windows\system32\DWMAPI.DLL
0x00007ffc4c3f0000 - 0x00007ffc4c486000 	C:\Windows\system32\uxtheme.dll
0x00007ffc50ca0000 - 0x00007ffc50dfa000 	C:\Windows\system32\MSCTF.dll
0x00007ffc50e80000 - 0x00007ffc50fc3000 	C:\Windows\system32\ole32.dll
0x00007ffc29180000 - 0x00007ffc29390000 	C:\Windows\system32\d3d9.dll
0x00007ffc49c30000 - 0x00007ffc49d97000 	C:\Windows\SYSTEM32\aticfx64.dll
0x00007ffc29150000 - 0x00007ffc29171000 	C:\Windows\SYSTEM32\atiu9p64.dll
0x00007ffc288f0000 - 0x00007ffc29149000 	C:\Windows\SYSTEM32\atiumd64.dll
0x0000000059a80000 - 0x000000005a308000 	C:\Windows\SYSTEM32\atiumd6a.dll
0x0000000058b70000 - 0x0000000058bb7000 	C:\Program Files\Java\jdk1.8.0_65\jre\bin\fontmanager.dll
0x00007ffc4d450000 - 0x00007ffc4d467000 	C:\Windows\SYSTEM32\CRYPTSP.dll
0x00007ffc4d0e0000 - 0x00007ffc4d114000 	C:\Windows\system32\rsaenh.dll
0x00007ffc4d670000 - 0x00007ffc4d699000 	C:\Windows\SYSTEM32\bcrypt.dll
0x00007ffc4d230000 - 0x00007ffc4d24f000 	C:\Windows\SYSTEM32\USERENV.dll
0x00007ffc4d570000 - 0x00007ffc4d57b000 	C:\Windows\SYSTEM32\CRYPTBASE.dll
0x00007ffc48e90000 - 0x00007ffc48ec8000 	C:\Windows\SYSTEM32\IPHLPAPI.DLL
0x00007ffc50e00000 - 0x00007ffc50e08000 	C:\Windows\system32\NSI.dll
0x00007ffc48dd0000 - 0x00007ffc48de6000 	C:\Windows\SYSTEM32\dhcpcsvc6.DLL
0x00007ffc48da0000 - 0x00007ffc48dba000 	C:\Windows\SYSTEM32\dhcpcsvc.DLL
0x0000000058b50000 - 0x0000000058b61000 	C:\Program Files\Java\jdk1.8.0_65\jre\bin\nio.dll
0x00000000637c0000 - 0x00000000637cd000 	C:\Users\rodge\AppData\Local\Temp\jogamp_0000\file_cache\jln4489743966828683383\jln6160601216125673149\gluegen-rt.dll
0x0000000058b40000 - 0x0000000058b47000 	C:\Program Files\Java\jdk1.8.0_65\jre\bin\jawt.dll
0x000000006a440000 - 0x000000006a44d000 	C:\Users\rodge\AppData\Local\Temp\jogamp_0000\file_cache\jln4489743966828683383\jln6160601216125673149\nativewindow_awt.dll
0x000000006c100000 - 0x000000006c10f000 	C:\Users\rodge\AppData\Local\Temp\jogamp_0000\file_cache\jln4489743966828683383\jln6160601216125673149\nativewindow_win32.dll
0x00007ffc3abd0000 - 0x00007ffc3acf9000 	C:\Windows\SYSTEM32\OpenGL32.dll
0x00007ffc41330000 - 0x00007ffc4135e000 	C:\Windows\SYSTEM32\GLU32.dll
0x00007ffc3aad0000 - 0x00007ffc3abca000 	C:\Windows\SYSTEM32\DDRAW.dll
0x00007ffc46a60000 - 0x00007ffc46a68000 	C:\Windows\SYSTEM32\DCIMAN32.dll
0x0000000064500000 - 0x00000000645ae000 	C:\Users\rodge\AppData\Local\Temp\jogamp_0000\file_cache\jln4489743966828683383\jln6160601216125673149\jogl_desktop.dll
0x0000000064340000 - 0x00000000643a0000 	C:\Users\rodge\AppData\Local\Temp\jogamp_0000\file_cache\jln4489743966828683383\jln6160601216125673149\jogl_mobile.dll
0x00007ffc41310000 - 0x00007ffc41328000 	C:\Windows\SYSTEM32\atig6pxx.dll
0x0000000056d40000 - 0x0000000058b40000 	C:\Windows\SYSTEM32\atio6axx.dll
0x00007ffc503c0000 - 0x00007ffc507e9000 	C:\Windows\system32\SETUPAPI.dll
0x00007ffc303b0000 - 0x00007ffc304f1000 	C:\Windows\SYSTEM32\atiadlxx.dll
0x00007ffc4ba70000 - 0x00007ffc4bbf6000 	C:\Windows\SYSTEM32\PROPSYS.dll
0x00007ffc4b750000 - 0x00007ffc4b763000 	C:\Windows\SYSTEM32\WTSAPI32.dll
0x00007ffc4c540000 - 0x00007ffc4c567000 	C:\Windows\SYSTEM32\DEVOBJ.dll
0x00007ffc4db00000 - 0x00007ffc4db55000 	C:\Windows\system32\WINTRUST.dll
0x00007ffc4da70000 - 0x00007ffc4da80000 	C:\Windows\system32\MSASN1.dll
0x00007ffc4e540000 - 0x00007ffc4e707000 	C:\Windows\system32\CRYPT32.dll
0x00007ffc3eaa0000 - 0x00007ffc3eacc000 	C:\Windows\SYSTEM32\atig6txx.dll
0x00007ffc37540000 - 0x00007ffc376cc000 	C:\Windows\SYSTEM32\dbghelp.dll

VM Arguments:
jvm_args: -Didea.launcher.port=7534 -Didea.launcher.bin.path=C:\Users\rodge\IntelliJ IDEA Community Edition 15.0.2\bin -Dfile.encoding=UTF-8 
java_command: com.intellij.rt.execution.application.AppMain Main
java_class_path (initial): C:\Program Files\Java\jdk1.8.0_65\jre\lib\charsets.jar;C:\Program Files\Java\jdk1.8.0_65\jre\lib\deploy.jar;C:\Program Files\Java\jdk1.8.0_65\jre\lib\ext\access-bridge-64.jar;C:\Program Files\Java\jdk1.8.0_65\jre\lib\ext\cldrdata.jar;C:\Program Files\Java\jdk1.8.0_65\jre\lib\ext\dnsns.jar;C:\Program Files\Java\jdk1.8.0_65\jre\lib\ext\jaccess.jar;C:\Program Files\Java\jdk1.8.0_65\jre\lib\ext\jfxrt.jar;C:\Program Files\Java\jdk1.8.0_65\jre\lib\ext\localedata.jar;C:\Program Files\Java\jdk1.8.0_65\jre\lib\ext\nashorn.jar;C:\Program Files\Java\jdk1.8.0_65\jre\lib\ext\sunec.jar;C:\Program Files\Java\jdk1.8.0_65\jre\lib\ext\sunjce_provider.jar;C:\Program Files\Java\jdk1.8.0_65\jre\lib\ext\sunmscapi.jar;C:\Program Files\Java\jdk1.8.0_65\jre\lib\ext\sunpkcs11.jar;C:\Program Files\Java\jdk1.8.0_65\jre\lib\ext\zipfs.jar;C:\Program Files\Java\jdk1.8.0_65\jre\lib\javaws.jar;C:\Program Files\Java\jdk1.8.0_65\jre\lib\jce.jar;C:\Program Files\Java\jdk1.8.0_65\jre\lib\jfr.jar;C:\Program Files\Java\jdk1.8.0_65\jre\lib\jfxswt.jar;C:\Program Files\Java\jdk1.8.0_65\jre\lib\jsse.jar;C:\Program Files\Java\jdk1.8.0_65\jre\lib\management-agent.jar;C:\Program Files\Java\jdk1.8.0_65\jre\lib\plugin.jar;C:\Program Files\Java\jdk1.8.0_65\jre\lib\resources.jar;C:\Program Files\Java\jdk1.8.0_65\jre\lib\rt.jar;C:\Users\rodge\OneDrive\Documents\SpaceRacer\out\production\SpaceRacer;C:\Users\rodge\OneDrive\Documents\Libraries\jogamp-all-platforms\jar\joal.jar;C:\Users\rodge\OneDrive\Documents\Libraries\jogamp-all-platforms\jar\jocl.jar;C:\Users\rodge\OneDrive\Documents\Libraries\jogamp-all-platforms\jar\gluegen.jar;C:\Users\rodge\OneDrive\Documents\Libraries\jogamp-all-platforms\jar\jogl-all.jar;C:\Users\rodge\OneDrive\Documents\Libraries\jogamp-all-platforms\jar\joal-test.jar;C:\Users\rodge\OneDrive\Documents\Libraries\jogamp-all-platforms\jar\jocl-test.jar;C:\Users\rodge\OneDrive\Documents\Libraries\jogamp-all-platforms\jar\jogl-test.jar;C:\Users\rodge\OneDrive\Documents
Launcher Type: SUN_STANDARD

Environment Variables:
PATH=C:\ProgramData\Oracle\Java\javapath;C:\Windows\system32;C:\Windows;C:\Windows\System32\Wbem;C:\Windows\System32\WindowsPowerShell\v1.0\;C:\Program Files (x86)\ATI Technologies\ATI.ACE\Core-Static;C:\Program Files (x86)\Skype\Phone\;
USERNAME=rodge
OS=Windows_NT
PROCESSOR_IDENTIFIER=Intel64 Family 6 Model 58 Stepping 9, GenuineIntel



---------------  S Y S T E M  ---------------

OS: Windows 10.0 , 64 bit Build 10586 (10.0.10586.0)

CPU:total 4 (4 cores per cpu, 1 threads per core) family 6 model 58 stepping 9, cmov, cx8, fxsr, mmx, sse, sse2, sse3, ssse3, sse4.1, sse4.2, popcnt, avx, aes, clmul, erms, tsc, tscinvbit, tscinv

Memory: 4k page, physical 16719488k(10485424k free), swap 19734144k(10453120k free)

vm_info: Java HotSpot(TM) 64-Bit Server VM (25.65-b01) for windows-amd64 JRE (1.8.0_65-b17), built on Oct  6 2015 16:39:20 by "java_re" with MS VC++ 10.0 (VS2010)

time: Wed Dec 16 16:01:28 2015
elapsed time: 6 seconds (0d 0h 0m 6s)

